{"E:\\Devansh\\UNICODE\\LP1\\ElexCart\\NodeLP\\app.js": {"path":"E:\\Devansh\\UNICODE\\LP1\\ElexCart\\NodeLP\\app.js","statementMap":{"0":{"start":{"line":1,"column":14},"end":{"line":1,"column":32}},"1":{"start":{"line":2,"column":13},"end":{"line":2,"column":30}},"2":{"start":{"line":3,"column":11},"end":{"line":3,"column":35}},"3":{"start":{"line":4,"column":11},"end":{"line":4,"column":38}},"4":{"start":{"line":5,"column":10},"end":{"line":5,"column":19}},"5":{"start":{"line":6,"column":0},"end":{"line":6,"column":22}},"6":{"start":{"line":7,"column":0},"end":{"line":7,"column":23}},"7":{"start":{"line":8,"column":0},"end":{"line":8,"column":22}},"8":{"start":{"line":9,"column":0},"end":{"line":9,"column":21}},"9":{"start":{"line":10,"column":0},"end":{"line":10,"column":24}},"10":{"start":{"line":11,"column":0},"end":{"line":16,"column":2}},"11":{"start":{"line":12,"column":4},"end":{"line":12,"column":19}},"12":{"start":{"line":13,"column":4},"end":{"line":15,"column":6}},"13":{"start":{"line":17,"column":0},"end":{"line":17,"column":18}},"14":{"start":{"line":18,"column":0},"end":{"line":18,"column":16}}},"fnMap":{"0":{"name":"(anonymous_0)","decl":{"start":{"line":11,"column":8},"end":{"line":11,"column":9}},"loc":{"start":{"line":11,"column":24},"end":{"line":16,"column":1}},"line":11}},"branchMap":{},"s":{"0":2,"1":2,"2":2,"3":2,"4":2,"5":2,"6":2,"7":2,"8":2,"9":2,"10":2,"11":0,"12":0,"13":2,"14":2},"f":{"0":0},"b":{},"_coverageSchema":"1a1c01bbd47fc00a2c39e90264f33305004495a9","hash":"1f60621d40a2bffb576690294f25b26bc486a304"}
,"E:\\Devansh\\UNICODE\\LP1\\ElexCart\\NodeLP\\dbConnect.js": {"path":"E:\\Devansh\\UNICODE\\LP1\\ElexCart\\NodeLP\\dbConnect.js","statementMap":{"0":{"start":{"line":1,"column":15},"end":{"line":1,"column":34}},"1":{"start":{"line":2,"column":13},"end":{"line":2,"column":39}},"2":{"start":{"line":3,"column":9},"end":{"line":3,"column":113}},"3":{"start":{"line":4,"column":0},"end":{"line":11,"column":46}},"4":{"start":{"line":10,"column":4},"end":{"line":10,"column":40}},"5":{"start":{"line":11,"column":16},"end":{"line":11,"column":44}}},"fnMap":{"0":{"name":"(anonymous_0)","decl":{"start":{"line":9,"column":8},"end":{"line":9,"column":9}},"loc":{"start":{"line":9,"column":12},"end":{"line":11,"column":1}},"line":9},"1":{"name":"(anonymous_1)","decl":{"start":{"line":11,"column":9},"end":{"line":11,"column":10}},"loc":{"start":{"line":11,"column":16},"end":{"line":11,"column":44}},"line":11}},"branchMap":{},"s":{"0":2,"1":2,"2":2,"3":2,"4":2,"5":0},"f":{"0":2,"1":0},"b":{},"_coverageSchema":"1a1c01bbd47fc00a2c39e90264f33305004495a9","hash":"5075ffcd4752b9521e68036caadbfb03248a6ddb"}
,"E:\\Devansh\\UNICODE\\LP1\\ElexCart\\NodeLP\\Controllers\\Cart.js": {"path":"E:\\Devansh\\UNICODE\\LP1\\ElexCart\\NodeLP\\Controllers\\Cart.js","statementMap":{"0":{"start":{"line":1,"column":14},"end":{"line":1,"column":42}},"1":{"start":{"line":2,"column":11},"end":{"line":2,"column":36}},"2":{"start":{"line":4,"column":14},"end":{"line":28,"column":1}},"3":{"start":{"line":5,"column":30},"end":{"line":5,"column":38}},"4":{"start":{"line":6,"column":15},"end":{"line":6,"column":66}},"5":{"start":{"line":7,"column":15},"end":{"line":7,"column":23}},"6":{"start":{"line":9,"column":4},"end":{"line":10,"column":52}},"7":{"start":{"line":10,"column":4},"end":{"line":10,"column":52}},"8":{"start":{"line":11,"column":4},"end":{"line":27,"column":5}},"9":{"start":{"line":12,"column":8},"end":{"line":22,"column":10}},"10":{"start":{"line":23,"column":8},"end":{"line":23,"column":25}},"11":{"start":{"line":24,"column":8},"end":{"line":24,"column":55}},"12":{"start":{"line":26,"column":8},"end":{"line":26,"column":45}},"13":{"start":{"line":29,"column":14},"end":{"line":58,"column":9}},"14":{"start":{"line":30,"column":19},"end":{"line":30,"column":27}},"15":{"start":{"line":31,"column":15},"end":{"line":31,"column":66}},"16":{"start":{"line":32,"column":15},"end":{"line":32,"column":23}},"17":{"start":{"line":33,"column":8},"end":{"line":35,"column":9}},"18":{"start":{"line":34,"column":12},"end":{"line":34,"column":68}},"19":{"start":{"line":36,"column":18},"end":{"line":36,"column":58}},"20":{"start":{"line":37,"column":12},"end":{"line":57,"column":13}},"21":{"start":{"line":39,"column":17},"end":{"line":44,"column":18}},"22":{"start":{"line":45,"column":16},"end":{"line":45,"column":62}},"23":{"start":{"line":48,"column":17},"end":{"line":55,"column":18}},"24":{"start":{"line":56,"column":16},"end":{"line":56,"column":62}},"25":{"start":{"line":61,"column":0},"end":{"line":61,"column":32}}},"fnMap":{"0":{"name":"(anonymous_0)","decl":{"start":{"line":4,"column":14},"end":{"line":4,"column":15}},"loc":{"start":{"line":4,"column":30},"end":{"line":28,"column":1}},"line":4},"1":{"name":"(anonymous_1)","decl":{"start":{"line":29,"column":14},"end":{"line":29,"column":15}},"loc":{"start":{"line":29,"column":30},"end":{"line":58,"column":9}},"line":29}},"branchMap":{"0":{"loc":{"start":{"line":9,"column":4},"end":{"line":10,"column":52}},"type":"if","locations":[{"start":{"line":9,"column":4},"end":{"line":10,"column":52}},{"start":{},"end":{}}],"line":9},"1":{"loc":{"start":{"line":33,"column":8},"end":{"line":35,"column":9}},"type":"if","locations":[{"start":{"line":33,"column":8},"end":{"line":35,"column":9}},{"start":{},"end":{}}],"line":33},"2":{"loc":{"start":{"line":37,"column":12},"end":{"line":57,"column":13}},"type":"if","locations":[{"start":{"line":37,"column":12},"end":{"line":57,"column":13}},{"start":{"line":47,"column":16},"end":{"line":57,"column":13}}],"line":37}},"s":{"0":2,"1":2,"2":2,"3":0,"4":0,"5":0,"6":0,"7":0,"8":0,"9":0,"10":0,"11":0,"12":0,"13":2,"14":0,"15":0,"16":0,"17":0,"18":0,"19":0,"20":0,"21":0,"22":0,"23":0,"24":0,"25":2},"f":{"0":0,"1":0},"b":{"0":[0,0],"1":[0,0],"2":[0,0]},"_coverageSchema":"1a1c01bbd47fc00a2c39e90264f33305004495a9","hash":"b42d225466c7fb55b434d4c9198cc41f91284fdc"}
,"E:\\Devansh\\UNICODE\\LP1\\ElexCart\\NodeLP\\Controllers\\Order.js": {"path":"E:\\Devansh\\UNICODE\\LP1\\ElexCart\\NodeLP\\Controllers\\Order.js","statementMap":{"0":{"start":{"line":1,"column":11},"end":{"line":1,"column":36}},"1":{"start":{"line":2,"column":14},"end":{"line":2,"column":42}},"2":{"start":{"line":3,"column":12},"end":{"line":3,"column":38}},"3":{"start":{"line":4,"column":17},"end":{"line":4,"column":38}},"4":{"start":{"line":5,"column":12},"end":{"line":45,"column":1}},"5":{"start":{"line":6,"column":30},"end":{"line":6,"column":38}},"6":{"start":{"line":7,"column":4},"end":{"line":44,"column":5}},"7":{"start":{"line":8,"column":19},"end":{"line":8,"column":27}},"8":{"start":{"line":9,"column":19},"end":{"line":9,"column":61}},"9":{"start":{"line":10,"column":16},"end":{"line":17,"column":10}},"10":{"start":{"line":18,"column":24},"end":{"line":24,"column":10}},"11":{"start":{"line":25,"column":24},"end":{"line":33,"column":9}},"12":{"start":{"line":34,"column":8},"end":{"line":40,"column":13}},"13":{"start":{"line":35,"column":12},"end":{"line":39,"column":13}},"14":{"start":{"line":36,"column":14},"end":{"line":36,"column":33}},"15":{"start":{"line":38,"column":14},"end":{"line":38,"column":58}},"16":{"start":{"line":41,"column":8},"end":{"line":41,"column":63}},"17":{"start":{"line":43,"column":8},"end":{"line":43,"column":45}},"18":{"start":{"line":46,"column":0},"end":{"line":46,"column":20}}},"fnMap":{"0":{"name":"(anonymous_0)","decl":{"start":{"line":5,"column":12},"end":{"line":5,"column":13}},"loc":{"start":{"line":5,"column":28},"end":{"line":45,"column":1}},"line":5},"1":{"name":"(anonymous_1)","decl":{"start":{"line":34,"column":42},"end":{"line":34,"column":43}},"loc":{"start":{"line":34,"column":63},"end":{"line":40,"column":11}},"line":34}},"branchMap":{"0":{"loc":{"start":{"line":35,"column":12},"end":{"line":39,"column":13}},"type":"if","locations":[{"start":{"line":35,"column":12},"end":{"line":39,"column":13}},{"start":{"line":37,"column":19},"end":{"line":39,"column":13}}],"line":35}},"s":{"0":2,"1":2,"2":2,"3":2,"4":2,"5":0,"6":0,"7":0,"8":0,"9":0,"10":0,"11":0,"12":0,"13":0,"14":0,"15":0,"16":0,"17":0,"18":2},"f":{"0":0,"1":0},"b":{"0":[0,0]},"_coverageSchema":"1a1c01bbd47fc00a2c39e90264f33305004495a9","hash":"f83ab2b204524eb51c4c58c20a71c911f03aa26e"}
,"E:\\Devansh\\UNICODE\\LP1\\ElexCart\\NodeLP\\Controllers\\Product.js": {"path":"E:\\Devansh\\UNICODE\\LP1\\ElexCart\\NodeLP\\Controllers\\Product.js","statementMap":{"0":{"start":{"line":1,"column":14},"end":{"line":1,"column":32}},"1":{"start":{"line":2,"column":10},"end":{"line":2,"column":33}},"2":{"start":{"line":3,"column":10},"end":{"line":3,"column":19}},"3":{"start":{"line":4,"column":14},"end":{"line":4,"column":42}},"4":{"start":{"line":5,"column":13},"end":{"line":5,"column":38}},"5":{"start":{"line":6,"column":13},"end":{"line":6,"column":30}},"6":{"start":{"line":7,"column":9},"end":{"line":7,"column":22}},"7":{"start":{"line":8,"column":11},"end":{"line":8,"column":36}},"8":{"start":{"line":9,"column":13},"end":{"line":9,"column":15}},"9":{"start":{"line":10,"column":0},"end":{"line":10,"column":23}},"10":{"start":{"line":12,"column":17},"end":{"line":26,"column":1}},"11":{"start":{"line":13,"column":85},"end":{"line":13,"column":93}},"12":{"start":{"line":14,"column":4},"end":{"line":15,"column":77}},"13":{"start":{"line":15,"column":4},"end":{"line":15,"column":77}},"14":{"start":{"line":16,"column":21},"end":{"line":16,"column":60}},"15":{"start":{"line":17,"column":4},"end":{"line":18,"column":62}},"16":{"start":{"line":18,"column":4},"end":{"line":18,"column":62}},"17":{"start":{"line":19,"column":15},"end":{"line":19,"column":36}},"18":{"start":{"line":20,"column":4},"end":{"line":25,"column":5}},"19":{"start":{"line":21,"column":8},"end":{"line":21,"column":25}},"20":{"start":{"line":22,"column":8},"end":{"line":22,"column":49}},"21":{"start":{"line":24,"column":8},"end":{"line":24,"column":53}},"22":{"start":{"line":27,"column":15},"end":{"line":34,"column":1}},"23":{"start":{"line":28,"column":4},"end":{"line":33,"column":5}},"24":{"start":{"line":29,"column":17},"end":{"line":29,"column":37}},"25":{"start":{"line":30,"column":8},"end":{"line":30,"column":34}},"26":{"start":{"line":32,"column":8},"end":{"line":32,"column":53}},"27":{"start":{"line":36,"column":13},"end":{"line":43,"column":1}},"28":{"start":{"line":37,"column":4},"end":{"line":42,"column":5}},"29":{"start":{"line":38,"column":17},"end":{"line":38,"column":63}},"30":{"start":{"line":39,"column":8},"end":{"line":39,"column":34}},"31":{"start":{"line":41,"column":8},"end":{"line":41,"column":53}},"32":{"start":{"line":44,"column":15},"end":{"line":54,"column":1}},"33":{"start":{"line":45,"column":4},"end":{"line":53,"column":5}},"34":{"start":{"line":46,"column":17},"end":{"line":46,"column":54}},"35":{"start":{"line":47,"column":8},"end":{"line":50,"column":59}},"36":{"start":{"line":48,"column":8},"end":{"line":48,"column":34}},"37":{"start":{"line":50,"column":8},"end":{"line":50,"column":59}},"38":{"start":{"line":52,"column":8},"end":{"line":52,"column":53}},"39":{"start":{"line":55,"column":12},"end":{"line":62,"column":1}},"40":{"start":{"line":56,"column":4},"end":{"line":61,"column":5}},"41":{"start":{"line":57,"column":17},"end":{"line":57,"column":61}},"42":{"start":{"line":58,"column":8},"end":{"line":58,"column":34}},"43":{"start":{"line":60,"column":8},"end":{"line":60,"column":53}},"44":{"start":{"line":63,"column":15},"end":{"line":70,"column":1}},"45":{"start":{"line":64,"column":4},"end":{"line":69,"column":5}},"46":{"start":{"line":65,"column":17},"end":{"line":65,"column":67}},"47":{"start":{"line":66,"column":8},"end":{"line":66,"column":34}},"48":{"start":{"line":68,"column":8},"end":{"line":68,"column":53}},"49":{"start":{"line":71,"column":17},"end":{"line":78,"column":1}},"50":{"start":{"line":72,"column":4},"end":{"line":77,"column":5}},"51":{"start":{"line":73,"column":17},"end":{"line":73,"column":72}},"52":{"start":{"line":74,"column":8},"end":{"line":74,"column":49}},"53":{"start":{"line":76,"column":8},"end":{"line":76,"column":53}},"54":{"start":{"line":79,"column":17},"end":{"line":89,"column":1}},"55":{"start":{"line":80,"column":4},"end":{"line":88,"column":5}},"56":{"start":{"line":81,"column":19},"end":{"line":81,"column":65}},"57":{"start":{"line":82,"column":8},"end":{"line":85,"column":59}},"58":{"start":{"line":83,"column":8},"end":{"line":83,"column":36}},"59":{"start":{"line":85,"column":8},"end":{"line":85,"column":59}},"60":{"start":{"line":87,"column":8},"end":{"line":87,"column":53}},"61":{"start":{"line":90,"column":19},"end":{"line":101,"column":1}},"62":{"start":{"line":91,"column":4},"end":{"line":100,"column":7}},"63":{"start":{"line":92,"column":17},"end":{"line":92,"column":54}},"64":{"start":{"line":93,"column":8},"end":{"line":93,"column":30}},"65":{"start":{"line":94,"column":8},"end":{"line":94,"column":28}},"66":{"start":{"line":95,"column":8},"end":{"line":95,"column":31}},"67":{"start":{"line":96,"column":8},"end":{"line":96,"column":30}},"68":{"start":{"line":97,"column":8},"end":{"line":97,"column":60}},"69":{"start":{"line":99,"column":8},"end":{"line":99,"column":46}},"70":{"start":{"line":102,"column":14},"end":{"line":109,"column":2}},"71":{"start":{"line":104,"column":8},"end":{"line":104,"column":27}},"72":{"start":{"line":107,"column":8},"end":{"line":107,"column":34}},"73":{"start":{"line":110,"column":11},"end":{"line":110,"column":36}},"74":{"start":{"line":112,"column":17},"end":{"line":121,"column":1}},"75":{"start":{"line":113,"column":4},"end":{"line":120,"column":5}},"76":{"start":{"line":114,"column":34},"end":{"line":114,"column":42}},"77":{"start":{"line":115,"column":8},"end":{"line":115,"column":55}},"78":{"start":{"line":116,"column":8},"end":{"line":116,"column":55}},"79":{"start":{"line":117,"column":8},"end":{"line":117,"column":43}},"80":{"start":{"line":119,"column":8},"end":{"line":119,"column":45}},"81":{"start":{"line":124,"column":0},"end":{"line":135,"column":1}}},"fnMap":{"0":{"name":"(anonymous_0)","decl":{"start":{"line":12,"column":17},"end":{"line":12,"column":18}},"loc":{"start":{"line":12,"column":33},"end":{"line":26,"column":1}},"line":12},"1":{"name":"(anonymous_1)","decl":{"start":{"line":27,"column":15},"end":{"line":27,"column":16}},"loc":{"start":{"line":27,"column":31},"end":{"line":34,"column":1}},"line":27},"2":{"name":"(anonymous_2)","decl":{"start":{"line":36,"column":13},"end":{"line":36,"column":14}},"loc":{"start":{"line":36,"column":29},"end":{"line":43,"column":1}},"line":36},"3":{"name":"(anonymous_3)","decl":{"start":{"line":44,"column":15},"end":{"line":44,"column":16}},"loc":{"start":{"line":44,"column":31},"end":{"line":54,"column":1}},"line":44},"4":{"name":"(anonymous_4)","decl":{"start":{"line":55,"column":12},"end":{"line":55,"column":13}},"loc":{"start":{"line":55,"column":28},"end":{"line":62,"column":1}},"line":55},"5":{"name":"(anonymous_5)","decl":{"start":{"line":63,"column":15},"end":{"line":63,"column":16}},"loc":{"start":{"line":63,"column":31},"end":{"line":70,"column":1}},"line":63},"6":{"name":"(anonymous_6)","decl":{"start":{"line":71,"column":17},"end":{"line":71,"column":18}},"loc":{"start":{"line":71,"column":33},"end":{"line":78,"column":1}},"line":71},"7":{"name":"(anonymous_7)","decl":{"start":{"line":79,"column":17},"end":{"line":79,"column":18}},"loc":{"start":{"line":79,"column":33},"end":{"line":89,"column":1}},"line":79},"8":{"name":"(anonymous_8)","decl":{"start":{"line":90,"column":19},"end":{"line":90,"column":20}},"loc":{"start":{"line":90,"column":35},"end":{"line":101,"column":1}},"line":90},"9":{"name":"(anonymous_9)","decl":{"start":{"line":103,"column":16},"end":{"line":103,"column":17}},"loc":{"start":{"line":103,"column":37},"end":{"line":105,"column":5}},"line":103},"10":{"name":"(anonymous_10)","decl":{"start":{"line":106,"column":13},"end":{"line":106,"column":14}},"loc":{"start":{"line":106,"column":34},"end":{"line":108,"column":5}},"line":106},"11":{"name":"(anonymous_11)","decl":{"start":{"line":112,"column":17},"end":{"line":112,"column":18}},"loc":{"start":{"line":112,"column":33},"end":{"line":121,"column":1}},"line":112}},"branchMap":{"0":{"loc":{"start":{"line":14,"column":4},"end":{"line":15,"column":77}},"type":"if","locations":[{"start":{"line":14,"column":4},"end":{"line":15,"column":77}},{"start":{},"end":{}}],"line":14},"1":{"loc":{"start":{"line":14,"column":7},"end":{"line":14,"column":105}},"type":"binary-expr","locations":[{"start":{"line":14,"column":7},"end":{"line":14,"column":14}},{"start":{"line":14,"column":18},"end":{"line":14,"column":27}},{"start":{"line":14,"column":31},"end":{"line":14,"column":37}},{"start":{"line":14,"column":41},"end":{"line":14,"column":47}},{"start":{"line":14,"column":50},"end":{"line":14,"column":56}},{"start":{"line":14,"column":60},"end":{"line":14,"column":69}},{"start":{"line":14,"column":72},"end":{"line":14,"column":78}},{"start":{"line":14,"column":82},"end":{"line":14,"column":89}},{"start":{"line":14,"column":93},"end":{"line":14,"column":105}}],"line":14},"2":{"loc":{"start":{"line":17,"column":4},"end":{"line":18,"column":62}},"type":"if","locations":[{"start":{"line":17,"column":4},"end":{"line":18,"column":62}},{"start":{},"end":{}}],"line":17},"3":{"loc":{"start":{"line":47,"column":8},"end":{"line":50,"column":59}},"type":"if","locations":[{"start":{"line":47,"column":8},"end":{"line":50,"column":59}},{"start":{"line":50,"column":8},"end":{"line":50,"column":59}}],"line":47},"4":{"loc":{"start":{"line":82,"column":8},"end":{"line":85,"column":59}},"type":"if","locations":[{"start":{"line":82,"column":8},"end":{"line":85,"column":59}},{"start":{"line":85,"column":8},"end":{"line":85,"column":59}}],"line":82}},"s":{"0":2,"1":2,"2":2,"3":2,"4":2,"5":2,"6":2,"7":2,"8":2,"9":2,"10":2,"11":0,"12":0,"13":0,"14":0,"15":0,"16":0,"17":0,"18":0,"19":0,"20":0,"21":0,"22":2,"23":0,"24":0,"25":0,"26":0,"27":2,"28":1,"29":1,"30":1,"31":0,"32":2,"33":1,"34":1,"35":1,"36":0,"37":1,"38":0,"39":2,"40":1,"41":1,"42":1,"43":0,"44":2,"45":1,"46":1,"47":1,"48":0,"49":2,"50":0,"51":0,"52":0,"53":0,"54":2,"55":0,"56":0,"57":0,"58":0,"59":0,"60":0,"61":2,"62":0,"63":0,"64":0,"65":0,"66":0,"67":0,"68":0,"69":0,"70":2,"71":0,"72":0,"73":2,"74":2,"75":0,"76":0,"77":0,"78":0,"79":0,"80":0,"81":2},"f":{"0":0,"1":0,"2":1,"3":1,"4":1,"5":1,"6":0,"7":0,"8":0,"9":0,"10":0,"11":0},"b":{"0":[0,0],"1":[0,0,0,0,0,0,0,0,0],"2":[0,0],"3":[0,1],"4":[0,0]},"_coverageSchema":"1a1c01bbd47fc00a2c39e90264f33305004495a9","hash":"90ab787f3fd6be04530813c736cf29060306e085"}
,"E:\\Devansh\\UNICODE\\LP1\\ElexCart\\NodeLP\\Controllers\\User.js": {"path":"E:\\Devansh\\UNICODE\\LP1\\ElexCart\\NodeLP\\Controllers\\User.js","statementMap":{"0":{"start":{"line":1,"column":14},"end":{"line":1,"column":32}},"1":{"start":{"line":2,"column":13},"end":{"line":2,"column":30}},"2":{"start":{"line":3,"column":10},"end":{"line":3,"column":33}},"3":{"start":{"line":4,"column":13},"end":{"line":4,"column":30}},"4":{"start":{"line":5,"column":0},"end":{"line":5,"column":15}},"5":{"start":{"line":6,"column":10},"end":{"line":6,"column":19}},"6":{"start":{"line":7,"column":11},"end":{"line":7,"column":36}},"7":{"start":{"line":8,"column":17},"end":{"line":8,"column":38}},"8":{"start":{"line":9,"column":13},"end":{"line":9,"column":30}},"9":{"start":{"line":10,"column":16},"end":{"line":10,"column":54}},"10":{"start":{"line":11,"column":16},"end":{"line":11,"column":44}},"11":{"start":{"line":12,"column":11},"end":{"line":12,"column":36}},"12":{"start":{"line":13,"column":17},"end":{"line":13,"column":41}},"13":{"start":{"line":14,"column":0},"end":{"line":18,"column":2}},"14":{"start":{"line":19,"column":0},"end":{"line":19,"column":23}},"15":{"start":{"line":20,"column":14},"end":{"line":51,"column":1}},"16":{"start":{"line":21,"column":61},"end":{"line":21,"column":69}},"17":{"start":{"line":22,"column":4},"end":{"line":23,"column":77}},"18":{"start":{"line":23,"column":4},"end":{"line":23,"column":77}},"19":{"start":{"line":24,"column":15},"end":{"line":24,"column":33}},"20":{"start":{"line":25,"column":4},"end":{"line":50,"column":5}},"21":{"start":{"line":26,"column":8},"end":{"line":26,"column":25}},"22":{"start":{"line":27,"column":24},"end":{"line":33,"column":10}},"23":{"start":{"line":34,"column":24},"end":{"line":39,"column":9}},"24":{"start":{"line":40,"column":8},"end":{"line":46,"column":13}},"25":{"start":{"line":41,"column":12},"end":{"line":45,"column":13}},"26":{"start":{"line":42,"column":14},"end":{"line":42,"column":33}},"27":{"start":{"line":47,"column":8},"end":{"line":47,"column":49}},"28":{"start":{"line":49,"column":8},"end":{"line":49,"column":53}},"29":{"start":{"line":52,"column":16},"end":{"line":84,"column":1}},"30":{"start":{"line":53,"column":32},"end":{"line":53,"column":40}},"31":{"start":{"line":54,"column":4},"end":{"line":55,"column":66}},"32":{"start":{"line":55,"column":4},"end":{"line":55,"column":66}},"33":{"start":{"line":56,"column":4},"end":{"line":83,"column":5}},"34":{"start":{"line":57,"column":27},"end":{"line":57,"column":69}},"35":{"start":{"line":58,"column":12},"end":{"line":59,"column":65}},"36":{"start":{"line":59,"column":12},"end":{"line":59,"column":65}},"37":{"start":{"line":60,"column":32},"end":{"line":60,"column":89}},"38":{"start":{"line":61,"column":12},"end":{"line":79,"column":13}},"39":{"start":{"line":62,"column":12},"end":{"line":62,"column":63}},"40":{"start":{"line":65,"column":27},"end":{"line":65,"column":86}},"41":{"start":{"line":66,"column":29},"end":{"line":66,"column":46}},"42":{"start":{"line":67,"column":15},"end":{"line":74,"column":16}},"43":{"start":{"line":68,"column":16},"end":{"line":73,"column":18}},"44":{"start":{"line":69,"column":20},"end":{"line":69,"column":67}},"45":{"start":{"line":70,"column":20},"end":{"line":72,"column":21}},"46":{"start":{"line":71,"column":24},"end":{"line":71,"column":32}},"47":{"start":{"line":75,"column":15},"end":{"line":75,"column":121}},"48":{"start":{"line":76,"column":15},"end":{"line":76,"column":62}},"49":{"start":{"line":77,"column":15},"end":{"line":77,"column":36}},"50":{"start":{"line":78,"column":16},"end":{"line":78,"column":67}},"51":{"start":{"line":82,"column":8},"end":{"line":82,"column":43}},"52":{"start":{"line":86,"column":12},"end":{"line":93,"column":1}},"53":{"start":{"line":87,"column":4},"end":{"line":92,"column":5}},"54":{"start":{"line":88,"column":17},"end":{"line":88,"column":34}},"55":{"start":{"line":89,"column":8},"end":{"line":89,"column":34}},"56":{"start":{"line":91,"column":8},"end":{"line":91,"column":53}},"57":{"start":{"line":94,"column":16},"end":{"line":101,"column":1}},"58":{"start":{"line":95,"column":3},"end":{"line":100,"column":4}},"59":{"start":{"line":96,"column":13},"end":{"line":96,"column":47}},"60":{"start":{"line":97,"column":4},"end":{"line":97,"column":30}},"61":{"start":{"line":99,"column":4},"end":{"line":99,"column":49}},"62":{"start":{"line":102,"column":14},"end":{"line":109,"column":1}},"63":{"start":{"line":103,"column":4},"end":{"line":108,"column":5}},"64":{"start":{"line":104,"column":17},"end":{"line":104,"column":49}},"65":{"start":{"line":105,"column":8},"end":{"line":105,"column":34}},"66":{"start":{"line":107,"column":8},"end":{"line":107,"column":53}},"67":{"start":{"line":110,"column":15},"end":{"line":120,"column":1}},"68":{"start":{"line":111,"column":4},"end":{"line":119,"column":5}},"69":{"start":{"line":112,"column":17},"end":{"line":112,"column":51}},"70":{"start":{"line":113,"column":8},"end":{"line":116,"column":56}},"71":{"start":{"line":114,"column":8},"end":{"line":114,"column":34}},"72":{"start":{"line":116,"column":8},"end":{"line":116,"column":56}},"73":{"start":{"line":118,"column":8},"end":{"line":118,"column":53}},"74":{"start":{"line":121,"column":17},"end":{"line":128,"column":1}},"75":{"start":{"line":122,"column":4},"end":{"line":127,"column":5}},"76":{"start":{"line":123,"column":20},"end":{"line":123,"column":72}},"77":{"start":{"line":124,"column":8},"end":{"line":124,"column":49}},"78":{"start":{"line":126,"column":8},"end":{"line":126,"column":53}},"79":{"start":{"line":129,"column":17},"end":{"line":139,"column":1}},"80":{"start":{"line":130,"column":4},"end":{"line":138,"column":5}},"81":{"start":{"line":131,"column":19},"end":{"line":131,"column":62}},"82":{"start":{"line":132,"column":8},"end":{"line":135,"column":56}},"83":{"start":{"line":133,"column":8},"end":{"line":133,"column":36}},"84":{"start":{"line":135,"column":8},"end":{"line":135,"column":56}},"85":{"start":{"line":137,"column":8},"end":{"line":137,"column":53}},"86":{"start":{"line":140,"column":13},"end":{"line":156,"column":1}},"87":{"start":{"line":141,"column":4},"end":{"line":155,"column":5}},"88":{"start":{"line":142,"column":8},"end":{"line":152,"column":9}},"89":{"start":{"line":143,"column":24},"end":{"line":143,"column":35}},"90":{"start":{"line":144,"column":12},"end":{"line":151,"column":13}},"91":{"start":{"line":145,"column":16},"end":{"line":145,"column":62}},"92":{"start":{"line":148,"column":29},"end":{"line":148,"column":44}},"93":{"start":{"line":149,"column":16},"end":{"line":149,"column":70}},"94":{"start":{"line":150,"column":16},"end":{"line":150,"column":73}},"95":{"start":{"line":154,"column":8},"end":{"line":154,"column":45}},"96":{"start":{"line":158,"column":17},"end":{"line":167,"column":1}},"97":{"start":{"line":160,"column":18},"end":{"line":160,"column":65}},"98":{"start":{"line":161,"column":4},"end":{"line":166,"column":5}},"99":{"start":{"line":162,"column":8},"end":{"line":162,"column":70}},"100":{"start":{"line":163,"column":8},"end":{"line":163,"column":26}},"101":{"start":{"line":165,"column":8},"end":{"line":165,"column":45}},"102":{"start":{"line":169,"column":14},"end":{"line":176,"column":2}},"103":{"start":{"line":171,"column":8},"end":{"line":171,"column":27}},"104":{"start":{"line":174,"column":8},"end":{"line":174,"column":34}},"105":{"start":{"line":177,"column":11},"end":{"line":177,"column":36}},"106":{"start":{"line":179,"column":17},"end":{"line":186,"column":1}},"107":{"start":{"line":180,"column":4},"end":{"line":185,"column":5}},"108":{"start":{"line":181,"column":23},"end":{"line":181,"column":71}},"109":{"start":{"line":182,"column":8},"end":{"line":182,"column":38}},"110":{"start":{"line":184,"column":8},"end":{"line":184,"column":45}},"111":{"start":{"line":187,"column":0},"end":{"line":199,"column":1}}},"fnMap":{"0":{"name":"(anonymous_0)","decl":{"start":{"line":20,"column":14},"end":{"line":20,"column":15}},"loc":{"start":{"line":20,"column":30},"end":{"line":51,"column":1}},"line":20},"1":{"name":"(anonymous_1)","decl":{"start":{"line":40,"column":42},"end":{"line":40,"column":43}},"loc":{"start":{"line":40,"column":63},"end":{"line":46,"column":11}},"line":40},"2":{"name":"(anonymous_2)","decl":{"start":{"line":52,"column":16},"end":{"line":52,"column":17}},"loc":{"start":{"line":52,"column":32},"end":{"line":84,"column":1}},"line":52},"3":{"name":"(anonymous_3)","decl":{"start":{"line":68,"column":43},"end":{"line":68,"column":44}},"loc":{"start":{"line":68,"column":46},"end":{"line":73,"column":17}},"line":68},"4":{"name":"(anonymous_4)","decl":{"start":{"line":86,"column":12},"end":{"line":86,"column":13}},"loc":{"start":{"line":86,"column":28},"end":{"line":93,"column":1}},"line":86},"5":{"name":"(anonymous_5)","decl":{"start":{"line":94,"column":16},"end":{"line":94,"column":17}},"loc":{"start":{"line":94,"column":32},"end":{"line":101,"column":1}},"line":94},"6":{"name":"(anonymous_6)","decl":{"start":{"line":102,"column":14},"end":{"line":102,"column":15}},"loc":{"start":{"line":102,"column":30},"end":{"line":109,"column":1}},"line":102},"7":{"name":"(anonymous_7)","decl":{"start":{"line":110,"column":15},"end":{"line":110,"column":16}},"loc":{"start":{"line":110,"column":31},"end":{"line":120,"column":1}},"line":110},"8":{"name":"(anonymous_8)","decl":{"start":{"line":121,"column":17},"end":{"line":121,"column":18}},"loc":{"start":{"line":121,"column":33},"end":{"line":128,"column":1}},"line":121},"9":{"name":"(anonymous_9)","decl":{"start":{"line":129,"column":17},"end":{"line":129,"column":18}},"loc":{"start":{"line":129,"column":33},"end":{"line":139,"column":1}},"line":129},"10":{"name":"(anonymous_10)","decl":{"start":{"line":140,"column":13},"end":{"line":140,"column":14}},"loc":{"start":{"line":140,"column":29},"end":{"line":156,"column":1}},"line":140},"11":{"name":"(anonymous_11)","decl":{"start":{"line":158,"column":17},"end":{"line":158,"column":18}},"loc":{"start":{"line":158,"column":33},"end":{"line":167,"column":1}},"line":158},"12":{"name":"(anonymous_12)","decl":{"start":{"line":170,"column":16},"end":{"line":170,"column":17}},"loc":{"start":{"line":170,"column":37},"end":{"line":172,"column":5}},"line":170},"13":{"name":"(anonymous_13)","decl":{"start":{"line":173,"column":13},"end":{"line":173,"column":14}},"loc":{"start":{"line":173,"column":34},"end":{"line":175,"column":5}},"line":173},"14":{"name":"(anonymous_14)","decl":{"start":{"line":179,"column":17},"end":{"line":179,"column":18}},"loc":{"start":{"line":179,"column":33},"end":{"line":186,"column":1}},"line":179}},"branchMap":{"0":{"loc":{"start":{"line":22,"column":4},"end":{"line":23,"column":77}},"type":"if","locations":[{"start":{"line":22,"column":4},"end":{"line":23,"column":77}},{"start":{},"end":{}}],"line":22},"1":{"loc":{"start":{"line":22,"column":7},"end":{"line":22,"column":71}},"type":"binary-expr","locations":[{"start":{"line":22,"column":7},"end":{"line":22,"column":16}},{"start":{"line":22,"column":20},"end":{"line":22,"column":29}},{"start":{"line":22,"column":33},"end":{"line":22,"column":39}},{"start":{"line":22,"column":43},"end":{"line":22,"column":51}},{"start":{"line":22,"column":55},"end":{"line":22,"column":62}},{"start":{"line":22,"column":66},"end":{"line":22,"column":71}}],"line":22},"2":{"loc":{"start":{"line":41,"column":12},"end":{"line":45,"column":13}},"type":"if","locations":[{"start":{"line":41,"column":12},"end":{"line":45,"column":13}},{"start":{"line":43,"column":19},"end":{"line":45,"column":13}}],"line":41},"3":{"loc":{"start":{"line":54,"column":4},"end":{"line":55,"column":66}},"type":"if","locations":[{"start":{"line":54,"column":4},"end":{"line":55,"column":66}},{"start":{},"end":{}}],"line":54},"4":{"loc":{"start":{"line":54,"column":7},"end":{"line":54,"column":35}},"type":"binary-expr","locations":[{"start":{"line":54,"column":7},"end":{"line":54,"column":13}},{"start":{"line":54,"column":17},"end":{"line":54,"column":26}},{"start":{"line":54,"column":30},"end":{"line":54,"column":35}}],"line":54},"5":{"loc":{"start":{"line":58,"column":12},"end":{"line":59,"column":65}},"type":"if","locations":[{"start":{"line":58,"column":12},"end":{"line":59,"column":65}},{"start":{},"end":{}}],"line":58},"6":{"loc":{"start":{"line":61,"column":12},"end":{"line":79,"column":13}},"type":"if","locations":[{"start":{"line":61,"column":12},"end":{"line":79,"column":13}},{"start":{"line":64,"column":12},"end":{"line":79,"column":13}}],"line":61},"7":{"loc":{"start":{"line":61,"column":15},"end":{"line":61,"column":74}},"type":"binary-expr","locations":[{"start":{"line":61,"column":15},"end":{"line":61,"column":24}},{"start":{"line":61,"column":28},"end":{"line":61,"column":42}},{"start":{"line":61,"column":46},"end":{"line":61,"column":74}}],"line":61},"8":{"loc":{"start":{"line":66,"column":29},"end":{"line":66,"column":46}},"type":"binary-expr","locations":[{"start":{"line":66,"column":29},"end":{"line":66,"column":40}},{"start":{"line":66,"column":44},"end":{"line":66,"column":46}}],"line":66},"9":{"loc":{"start":{"line":67,"column":15},"end":{"line":74,"column":16}},"type":"if","locations":[{"start":{"line":67,"column":15},"end":{"line":74,"column":16}},{"start":{},"end":{}}],"line":67},"10":{"loc":{"start":{"line":70,"column":20},"end":{"line":72,"column":21}},"type":"if","locations":[{"start":{"line":70,"column":20},"end":{"line":72,"column":21}},{"start":{},"end":{}}],"line":70},"11":{"loc":{"start":{"line":113,"column":8},"end":{"line":116,"column":56}},"type":"if","locations":[{"start":{"line":113,"column":8},"end":{"line":116,"column":56}},{"start":{"line":116,"column":8},"end":{"line":116,"column":56}}],"line":113},"12":{"loc":{"start":{"line":132,"column":8},"end":{"line":135,"column":56}},"type":"if","locations":[{"start":{"line":132,"column":8},"end":{"line":135,"column":56}},{"start":{"line":135,"column":8},"end":{"line":135,"column":56}}],"line":132},"13":{"loc":{"start":{"line":142,"column":8},"end":{"line":152,"column":9}},"type":"if","locations":[{"start":{"line":142,"column":8},"end":{"line":152,"column":9}},{"start":{},"end":{}}],"line":142},"14":{"loc":{"start":{"line":144,"column":12},"end":{"line":151,"column":13}},"type":"if","locations":[{"start":{"line":144,"column":12},"end":{"line":151,"column":13}},{"start":{"line":147,"column":16},"end":{"line":151,"column":13}}],"line":144}},"s":{"0":2,"1":2,"2":2,"3":2,"4":2,"5":2,"6":2,"7":2,"8":2,"9":2,"10":2,"11":2,"12":2,"13":2,"14":2,"15":2,"16":1,"17":1,"18":0,"19":1,"20":1,"21":1,"22":1,"23":1,"24":1,"25":0,"26":0,"27":1,"28":0,"29":2,"30":1,"31":1,"32":0,"33":1,"34":1,"35":1,"36":0,"37":1,"38":1,"39":0,"40":1,"41":1,"42":1,"43":0,"44":0,"45":0,"46":0,"47":1,"48":1,"49":1,"50":1,"51":0,"52":2,"53":1,"54":1,"55":1,"56":0,"57":2,"58":1,"59":1,"60":1,"61":0,"62":2,"63":1,"64":1,"65":1,"66":0,"67":2,"68":1,"69":1,"70":1,"71":1,"72":0,"73":0,"74":2,"75":1,"76":1,"77":1,"78":0,"79":2,"80":1,"81":1,"82":1,"83":1,"84":0,"85":0,"86":2,"87":1,"88":1,"89":1,"90":1,"91":0,"92":1,"93":1,"94":1,"95":0,"96":2,"97":0,"98":0,"99":0,"100":0,"101":0,"102":2,"103":0,"104":0,"105":2,"106":2,"107":1,"108":1,"109":1,"110":0,"111":2},"f":{"0":1,"1":0,"2":1,"3":0,"4":1,"5":1,"6":1,"7":1,"8":1,"9":1,"10":1,"11":0,"12":0,"13":0,"14":1},"b":{"0":[0,1],"1":[1,1,1,1,1,1],"2":[0,0],"3":[0,1],"4":[1,1,1],"5":[0,1],"6":[0,1],"7":[1,1,1],"8":[1,1],"9":[0,1],"10":[0,0],"11":[1,0],"12":[1,0],"13":[1,0],"14":[0,1]},"_coverageSchema":"1a1c01bbd47fc00a2c39e90264f33305004495a9","hash":"b664d76921ac412dd126fb0736d4b6aac23b053e"}
,"E:\\Devansh\\UNICODE\\LP1\\ElexCart\\NodeLP\\Middleware\\auth.js": {"path":"E:\\Devansh\\UNICODE\\LP1\\ElexCart\\NodeLP\\Middleware\\auth.js","statementMap":{"0":{"start":{"line":1,"column":12},"end":{"line":1,"column":35}},"1":{"start":{"line":2,"column":16},"end":{"line":2,"column":44}},"2":{"start":{"line":3,"column":15},"end":{"line":3,"column":62}},"3":{"start":{"line":4,"column":13},"end":{"line":4,"column":38}},"4":{"start":{"line":5,"column":21},"end":{"line":87,"column":1}},"5":{"start":{"line":8,"column":4},"end":{"line":35,"column":1}},"6":{"start":{"line":9,"column":18},"end":{"line":9,"column":48}},"7":{"start":{"line":10,"column":8},"end":{"line":32,"column":5}},"8":{"start":{"line":11,"column":8},"end":{"line":11,"column":59}},"9":{"start":{"line":14,"column":8},"end":{"line":16,"column":9}},"10":{"start":{"line":15,"column":8},"end":{"line":15,"column":41}},"11":{"start":{"line":17,"column":8},"end":{"line":31,"column":60}},"12":{"start":{"line":19,"column":12},"end":{"line":28,"column":13}},"13":{"start":{"line":20,"column":27},"end":{"line":20,"column":83}},"14":{"start":{"line":21,"column":27},"end":{"line":21,"column":77}},"15":{"start":{"line":22,"column":16},"end":{"line":23,"column":67}},"16":{"start":{"line":23,"column":16},"end":{"line":23,"column":67}},"17":{"start":{"line":24,"column":16},"end":{"line":24,"column":29}},"18":{"start":{"line":25,"column":16},"end":{"line":25,"column":22}},"19":{"start":{"line":27,"column":16},"end":{"line":27,"column":68}},"20":{"start":{"line":31,"column":8},"end":{"line":31,"column":60}},"21":{"start":{"line":34,"column":4},"end":{"line":34,"column":46}},"22":{"start":{"line":39,"column":4},"end":{"line":48,"column":5}},"23":{"start":{"line":40,"column":19},"end":{"line":40,"column":53}},"24":{"start":{"line":41,"column":8},"end":{"line":45,"column":59}},"25":{"start":{"line":42,"column":8},"end":{"line":42,"column":14}},"26":{"start":{"line":45,"column":8},"end":{"line":45,"column":59}},"27":{"start":{"line":47,"column":8},"end":{"line":47,"column":51}},"28":{"start":{"line":52,"column":4},"end":{"line":59,"column":5}},"29":{"start":{"line":53,"column":8},"end":{"line":56,"column":59}},"30":{"start":{"line":54,"column":8},"end":{"line":54,"column":14}},"31":{"start":{"line":56,"column":8},"end":{"line":56,"column":59}},"32":{"start":{"line":58,"column":7},"end":{"line":58,"column":50}},"33":{"start":{"line":64,"column":4},"end":{"line":72,"column":5}},"34":{"start":{"line":65,"column":8},"end":{"line":65,"column":54}},"35":{"start":{"line":66,"column":8},"end":{"line":69,"column":61}},"36":{"start":{"line":67,"column":8},"end":{"line":67,"column":14}},"37":{"start":{"line":69,"column":8},"end":{"line":69,"column":61}},"38":{"start":{"line":71,"column":8},"end":{"line":71,"column":51}},"39":{"start":{"line":77,"column":4},"end":{"line":84,"column":5}},"40":{"start":{"line":78,"column":8},"end":{"line":81,"column":59}},"41":{"start":{"line":79,"column":8},"end":{"line":79,"column":14}},"42":{"start":{"line":81,"column":8},"end":{"line":81,"column":59}},"43":{"start":{"line":83,"column":7},"end":{"line":83,"column":50}},"44":{"start":{"line":89,"column":0},"end":{"line":89,"column":29}}},"fnMap":{"0":{"name":"(anonymous_0)","decl":{"start":{"line":7,"column":16},"end":{"line":7,"column":17}},"loc":{"start":{"line":7,"column":37},"end":{"line":36,"column":1}},"line":7},"1":{"name":"(anonymous_1)","decl":{"start":{"line":38,"column":11},"end":{"line":38,"column":12}},"loc":{"start":{"line":38,"column":32},"end":{"line":49,"column":1}},"line":38},"2":{"name":"(anonymous_2)","decl":{"start":{"line":51,"column":7},"end":{"line":51,"column":8}},"loc":{"start":{"line":51,"column":28},"end":{"line":60,"column":1}},"line":51},"3":{"name":"(anonymous_3)","decl":{"start":{"line":63,"column":14},"end":{"line":63,"column":15}},"loc":{"start":{"line":63,"column":35},"end":{"line":73,"column":1}},"line":63},"4":{"name":"(anonymous_4)","decl":{"start":{"line":76,"column":6},"end":{"line":76,"column":7}},"loc":{"start":{"line":76,"column":27},"end":{"line":85,"column":1}},"line":76}},"branchMap":{"0":{"loc":{"start":{"line":10,"column":8},"end":{"line":32,"column":5}},"type":"if","locations":[{"start":{"line":10,"column":8},"end":{"line":32,"column":5}},{"start":{"line":13,"column":8},"end":{"line":32,"column":5}}],"line":10},"1":{"loc":{"start":{"line":14,"column":8},"end":{"line":16,"column":9}},"type":"if","locations":[{"start":{"line":14,"column":8},"end":{"line":16,"column":9}},{"start":{},"end":{}}],"line":14},"2":{"loc":{"start":{"line":17,"column":8},"end":{"line":31,"column":60}},"type":"if","locations":[{"start":{"line":17,"column":8},"end":{"line":31,"column":60}},{"start":{"line":31,"column":8},"end":{"line":31,"column":60}}],"line":17},"3":{"loc":{"start":{"line":22,"column":16},"end":{"line":23,"column":67}},"type":"if","locations":[{"start":{"line":22,"column":16},"end":{"line":23,"column":67}},{"start":{},"end":{}}],"line":22},"4":{"loc":{"start":{"line":41,"column":8},"end":{"line":45,"column":59}},"type":"if","locations":[{"start":{"line":41,"column":8},"end":{"line":45,"column":59}},{"start":{"line":45,"column":8},"end":{"line":45,"column":59}}],"line":41},"5":{"loc":{"start":{"line":53,"column":8},"end":{"line":56,"column":59}},"type":"if","locations":[{"start":{"line":53,"column":8},"end":{"line":56,"column":59}},{"start":{"line":56,"column":8},"end":{"line":56,"column":59}}],"line":53},"6":{"loc":{"start":{"line":66,"column":8},"end":{"line":69,"column":61}},"type":"if","locations":[{"start":{"line":66,"column":8},"end":{"line":69,"column":61}},{"start":{"line":69,"column":8},"end":{"line":69,"column":61}}],"line":66},"7":{"loc":{"start":{"line":78,"column":8},"end":{"line":81,"column":59}},"type":"if","locations":[{"start":{"line":78,"column":8},"end":{"line":81,"column":59}},{"start":{"line":81,"column":8},"end":{"line":81,"column":59}}],"line":78}},"s":{"0":2,"1":2,"2":2,"3":2,"4":2,"5":15,"6":15,"7":15,"8":0,"9":15,"10":15,"11":15,"12":15,"13":15,"14":15,"15":15,"16":7,"17":8,"18":8,"19":0,"20":0,"21":0,"22":3,"23":3,"24":3,"25":3,"26":0,"27":0,"28":0,"29":0,"30":0,"31":0,"32":0,"33":0,"34":0,"35":0,"36":0,"37":0,"38":0,"39":3,"40":3,"41":3,"42":0,"43":0,"44":2},"f":{"0":15,"1":3,"2":0,"3":0,"4":3},"b":{"0":[0,15],"1":[15,0],"2":[15,0],"3":[7,8],"4":[3,0],"5":[0,0],"6":[0,0],"7":[3,0]},"_coverageSchema":"1a1c01bbd47fc00a2c39e90264f33305004495a9","hash":"b3a8af34cf744c55460d162aaf7958ceaa712a4a"}
,"E:\\Devansh\\UNICODE\\LP1\\ElexCart\\NodeLP\\Models\\Order.js": {"path":"E:\\Devansh\\UNICODE\\LP1\\ElexCart\\NodeLP\\Models\\Order.js","statementMap":{"0":{"start":{"line":1,"column":15},"end":{"line":1,"column":34}},"1":{"start":{"line":2,"column":18},"end":{"line":21,"column":2}},"2":{"start":{"line":22,"column":12},"end":{"line":22,"column":47}},"3":{"start":{"line":23,"column":0},"end":{"line":23,"column":20}}},"fnMap":{},"branchMap":{},"s":{"0":2,"1":2,"2":2,"3":2},"f":{},"b":{},"_coverageSchema":"1a1c01bbd47fc00a2c39e90264f33305004495a9","hash":"8615b81486980b6056efd19cf9a1674f0bdaa00b"}
,"E:\\Devansh\\UNICODE\\LP1\\ElexCart\\NodeLP\\Models\\Product.js": {"path":"E:\\Devansh\\UNICODE\\LP1\\ElexCart\\NodeLP\\Models\\Product.js","statementMap":{"0":{"start":{"line":1,"column":15},"end":{"line":1,"column":34}},"1":{"start":{"line":2,"column":16},"end":{"line":2,"column":36}},"2":{"start":{"line":3,"column":17},"end":{"line":57,"column":20}},"3":{"start":{"line":45,"column":12},"end":{"line":47,"column":13}},"4":{"start":{"line":46,"column":16},"end":{"line":46,"column":51}},"5":{"start":{"line":58,"column":14},"end":{"line":58,"column":50}},"6":{"start":{"line":59,"column":0},"end":{"line":59,"column":22}}},"fnMap":{"0":{"name":"(anonymous_0)","decl":{"start":{"line":44,"column":8},"end":{"line":44,"column":9}},"loc":{"start":{"line":44,"column":23},"end":{"line":48,"column":9}},"line":44}},"branchMap":{"0":{"loc":{"start":{"line":45,"column":12},"end":{"line":47,"column":13}},"type":"if","locations":[{"start":{"line":45,"column":12},"end":{"line":47,"column":13}},{"start":{},"end":{}}],"line":45}},"s":{"0":2,"1":2,"2":2,"3":11,"4":0,"5":2,"6":2},"f":{"0":11},"b":{"0":[0,11]},"_coverageSchema":"1a1c01bbd47fc00a2c39e90264f33305004495a9","hash":"caf71cd393ae640ef8581b07609de44e44f680ff"}
,"E:\\Devansh\\UNICODE\\LP1\\ElexCart\\NodeLP\\Models\\User.js": {"path":"E:\\Devansh\\UNICODE\\LP1\\ElexCart\\NodeLP\\Models\\User.js","statementMap":{"0":{"start":{"line":1,"column":15},"end":{"line":1,"column":34}},"1":{"start":{"line":2,"column":10},"end":{"line":2,"column":33}},"2":{"start":{"line":3,"column":16},"end":{"line":3,"column":36}},"3":{"start":{"line":4,"column":13},"end":{"line":4,"column":30}},"4":{"start":{"line":6,"column":17},"end":{"line":55,"column":20}},"5":{"start":{"line":22,"column":12},"end":{"line":24,"column":13}},"6":{"start":{"line":23,"column":16},"end":{"line":23,"column":51}},"7":{"start":{"line":57,"column":0},"end":{"line":60,"column":2}},"8":{"start":{"line":58,"column":4},"end":{"line":58,"column":39}},"9":{"start":{"line":59,"column":4},"end":{"line":59,"column":10}},"10":{"start":{"line":62,"column":0},"end":{"line":68,"column":2}},"11":{"start":{"line":63,"column":4},"end":{"line":66,"column":5}},"12":{"start":{"line":65,"column":8},"end":{"line":65,"column":56}},"13":{"start":{"line":67,"column":4},"end":{"line":67,"column":10}},"14":{"start":{"line":70,"column":11},"end":{"line":70,"column":44}},"15":{"start":{"line":71,"column":0},"end":{"line":71,"column":19}}},"fnMap":{"0":{"name":"(anonymous_0)","decl":{"start":{"line":21,"column":8},"end":{"line":21,"column":9}},"loc":{"start":{"line":21,"column":23},"end":{"line":25,"column":9}},"line":21},"1":{"name":"(anonymous_1)","decl":{"start":{"line":57,"column":23},"end":{"line":57,"column":24}},"loc":{"start":{"line":57,"column":41},"end":{"line":60,"column":1}},"line":57},"2":{"name":"(anonymous_2)","decl":{"start":{"line":62,"column":22},"end":{"line":62,"column":23}},"loc":{"start":{"line":62,"column":42},"end":{"line":68,"column":1}},"line":62}},"branchMap":{"0":{"loc":{"start":{"line":22,"column":12},"end":{"line":24,"column":13}},"type":"if","locations":[{"start":{"line":22,"column":12},"end":{"line":24,"column":13}},{"start":{},"end":{}}],"line":22},"1":{"loc":{"start":{"line":63,"column":4},"end":{"line":66,"column":5}},"type":"if","locations":[{"start":{"line":63,"column":4},"end":{"line":66,"column":5}},{"start":{},"end":{}}],"line":63}},"s":{"0":2,"1":2,"2":2,"3":2,"4":2,"5":24,"6":0,"7":2,"8":24,"9":24,"10":2,"11":24,"12":23,"13":24,"14":2,"15":2},"f":{"0":24,"1":24,"2":24},"b":{"0":[0,24],"1":[23,1]},"_coverageSchema":"1a1c01bbd47fc00a2c39e90264f33305004495a9","hash":"bf68776804aff7af911b14f34c05048adc249353"}
,"E:\\Devansh\\UNICODE\\LP1\\ElexCart\\NodeLP\\Routes\\Product.js": {"path":"E:\\Devansh\\UNICODE\\LP1\\ElexCart\\NodeLP\\Routes\\Product.js","statementMap":{"0":{"start":{"line":1,"column":14},"end":{"line":1,"column":32}},"1":{"start":{"line":2,"column":13},"end":{"line":2,"column":33}},"2":{"start":{"line":3,"column":21},"end":{"line":3,"column":50}},"3":{"start":{"line":4,"column":13},"end":{"line":4,"column":30}},"4":{"start":{"line":5,"column":13},"end":{"line":5,"column":38}},"5":{"start":{"line":17,"column":2},"end":{"line":17,"column":35}},"6":{"start":{"line":18,"column":0},"end":{"line":18,"column":88}},"7":{"start":{"line":19,"column":0},"end":{"line":19,"column":61}},"8":{"start":{"line":20,"column":0},"end":{"line":20,"column":36}},"9":{"start":{"line":21,"column":0},"end":{"line":21,"column":27}},"10":{"start":{"line":22,"column":0},"end":{"line":22,"column":33}},"11":{"start":{"line":23,"column":0},"end":{"line":23,"column":42}},"12":{"start":{"line":24,"column":0},"end":{"line":24,"column":89}},"13":{"start":{"line":25,"column":0},"end":{"line":25,"column":90}},"14":{"start":{"line":26,"column":0},"end":{"line":26,"column":92}},"15":{"start":{"line":27,"column":0},"end":{"line":27,"column":63}},"16":{"start":{"line":31,"column":2},"end":{"line":31,"column":32}},"17":{"start":{"line":32,"column":0},"end":{"line":32,"column":60}},"18":{"start":{"line":33,"column":0},"end":{"line":33,"column":64}},"19":{"start":{"line":34,"column":12},"end":{"line":34,"column":43}},"20":{"start":{"line":35,"column":0},"end":{"line":35,"column":56}},"21":{"start":{"line":37,"column":0},"end":{"line":37,"column":21}}},"fnMap":{},"branchMap":{},"s":{"0":2,"1":2,"2":2,"3":2,"4":2,"5":2,"6":2,"7":2,"8":2,"9":2,"10":2,"11":2,"12":2,"13":2,"14":2,"15":2,"16":2,"17":2,"18":2,"19":2,"20":2,"21":2},"f":{},"b":{},"_coverageSchema":"1a1c01bbd47fc00a2c39e90264f33305004495a9","hash":"838c63ad1fe33d5862a022692a29f0555ddde745"}
,"E:\\Devansh\\UNICODE\\LP1\\ElexCart\\NodeLP\\Routes\\User.js": {"path":"E:\\Devansh\\UNICODE\\LP1\\ElexCart\\NodeLP\\Routes\\User.js","statementMap":{"0":{"start":{"line":1,"column":14},"end":{"line":1,"column":32}},"1":{"start":{"line":2,"column":13},"end":{"line":2,"column":33}},"2":{"start":{"line":3,"column":21},"end":{"line":3,"column":50}},"3":{"start":{"line":4,"column":13},"end":{"line":4,"column":30}},"4":{"start":{"line":5,"column":13},"end":{"line":5,"column":38}},"5":{"start":{"line":18,"column":2},"end":{"line":18,"column":32}},"6":{"start":{"line":19,"column":0},"end":{"line":19,"column":31}},"7":{"start":{"line":20,"column":0},"end":{"line":20,"column":35}},"8":{"start":{"line":21,"column":0},"end":{"line":21,"column":76}},"9":{"start":{"line":22,"column":0},"end":{"line":22,"column":84}},"10":{"start":{"line":23,"column":0},"end":{"line":23,"column":80}},"11":{"start":{"line":24,"column":0},"end":{"line":24,"column":82}},"12":{"start":{"line":25,"column":0},"end":{"line":25,"column":86}},"13":{"start":{"line":26,"column":0},"end":{"line":26,"column":87}},"14":{"start":{"line":27,"column":0},"end":{"line":27,"column":58}},"15":{"start":{"line":28,"column":0},"end":{"line":28,"column":88}},"16":{"start":{"line":29,"column":0},"end":{"line":29,"column":66}},"17":{"start":{"line":30,"column":0},"end":{"line":30,"column":21}}},"fnMap":{},"branchMap":{},"s":{"0":2,"1":2,"2":2,"3":2,"4":2,"5":2,"6":2,"7":2,"8":2,"9":2,"10":2,"11":2,"12":2,"13":2,"14":2,"15":2,"16":2,"17":2},"f":{},"b":{},"_coverageSchema":"1a1c01bbd47fc00a2c39e90264f33305004495a9","hash":"6f60853e5a0b15ead5f6e21a6769f0da46986c1c"}
}
