{"E:\\Devansh\\UNICODE\\LP1\\ElexCart\\NodeLP\\app.js": {"path":"E:\\Devansh\\UNICODE\\LP1\\ElexCart\\NodeLP\\app.js","statementMap":{"0":{"start":{"line":1,"column":14},"end":{"line":1,"column":32}},"1":{"start":{"line":2,"column":13},"end":{"line":2,"column":30}},"2":{"start":{"line":3,"column":11},"end":{"line":3,"column":35}},"3":{"start":{"line":4,"column":11},"end":{"line":4,"column":38}},"4":{"start":{"line":5,"column":10},"end":{"line":5,"column":19}},"5":{"start":{"line":6,"column":0},"end":{"line":6,"column":22}},"6":{"start":{"line":7,"column":0},"end":{"line":7,"column":23}},"7":{"start":{"line":8,"column":0},"end":{"line":8,"column":22}},"8":{"start":{"line":9,"column":0},"end":{"line":9,"column":21}},"9":{"start":{"line":10,"column":0},"end":{"line":10,"column":24}},"10":{"start":{"line":11,"column":0},"end":{"line":15,"column":2}},"11":{"start":{"line":12,"column":4},"end":{"line":14,"column":6}},"12":{"start":{"line":16,"column":0},"end":{"line":16,"column":18}},"13":{"start":{"line":17,"column":0},"end":{"line":17,"column":16}}},"fnMap":{"0":{"name":"(anonymous_0)","decl":{"start":{"line":11,"column":8},"end":{"line":11,"column":9}},"loc":{"start":{"line":11,"column":24},"end":{"line":15,"column":1}},"line":11}},"branchMap":{},"s":{"0":1,"1":1,"2":1,"3":1,"4":1,"5":1,"6":1,"7":1,"8":1,"9":1,"10":1,"11":1,"12":1,"13":1},"f":{"0":1},"b":{},"_coverageSchema":"1a1c01bbd47fc00a2c39e90264f33305004495a9","hash":"570557c9c64c2c32f46a05f05270c19aff15358f"}
,"E:\\Devansh\\UNICODE\\LP1\\ElexCart\\NodeLP\\dbConnect.js": {"path":"E:\\Devansh\\UNICODE\\LP1\\ElexCart\\NodeLP\\dbConnect.js","statementMap":{"0":{"start":{"line":1,"column":15},"end":{"line":1,"column":34}},"1":{"start":{"line":2,"column":13},"end":{"line":2,"column":39}},"2":{"start":{"line":3,"column":9},"end":{"line":3,"column":106}},"3":{"start":{"line":4,"column":0},"end":{"line":11,"column":46}},"4":{"start":{"line":10,"column":4},"end":{"line":10,"column":40}},"5":{"start":{"line":11,"column":16},"end":{"line":11,"column":44}}},"fnMap":{"0":{"name":"(anonymous_0)","decl":{"start":{"line":9,"column":8},"end":{"line":9,"column":9}},"loc":{"start":{"line":9,"column":12},"end":{"line":11,"column":1}},"line":9},"1":{"name":"(anonymous_1)","decl":{"start":{"line":11,"column":9},"end":{"line":11,"column":10}},"loc":{"start":{"line":11,"column":16},"end":{"line":11,"column":44}},"line":11}},"branchMap":{},"s":{"0":1,"1":1,"2":1,"3":1,"4":1,"5":0},"f":{"0":1,"1":0},"b":{},"_coverageSchema":"1a1c01bbd47fc00a2c39e90264f33305004495a9","hash":"2a8980f50db1d725cd2b61c170ef454cd80c3260"}
,"E:\\Devansh\\UNICODE\\LP1\\ElexCart\\NodeLP\\Controllers\\Cart.js": {"path":"E:\\Devansh\\UNICODE\\LP1\\ElexCart\\NodeLP\\Controllers\\Cart.js","statementMap":{"0":{"start":{"line":1,"column":14},"end":{"line":1,"column":42}},"1":{"start":{"line":2,"column":11},"end":{"line":2,"column":36}},"2":{"start":{"line":4,"column":14},"end":{"line":29,"column":1}},"3":{"start":{"line":5,"column":30},"end":{"line":5,"column":38}},"4":{"start":{"line":6,"column":15},"end":{"line":6,"column":66}},"5":{"start":{"line":7,"column":4},"end":{"line":8,"column":59}},"6":{"start":{"line":8,"column":4},"end":{"line":8,"column":59}},"7":{"start":{"line":9,"column":4},"end":{"line":28,"column":5}},"8":{"start":{"line":10,"column":8},"end":{"line":21,"column":14}},"9":{"start":{"line":24,"column":8},"end":{"line":24,"column":29}},"10":{"start":{"line":25,"column":8},"end":{"line":25,"column":64}},"11":{"start":{"line":27,"column":8},"end":{"line":27,"column":45}},"12":{"start":{"line":30,"column":14},"end":{"line":41,"column":9}},"13":{"start":{"line":31,"column":19},"end":{"line":31,"column":27}},"14":{"start":{"line":32,"column":15},"end":{"line":32,"column":66}},"15":{"start":{"line":33,"column":12},"end":{"line":40,"column":13}},"16":{"start":{"line":34,"column":12},"end":{"line":35,"column":69}},"17":{"start":{"line":35,"column":16},"end":{"line":35,"column":67}},"18":{"start":{"line":36,"column":16},"end":{"line":36,"column":76}},"19":{"start":{"line":37,"column":16},"end":{"line":37,"column":37}},"20":{"start":{"line":39,"column":16},"end":{"line":39,"column":57}},"21":{"start":{"line":44,"column":0},"end":{"line":44,"column":32}}},"fnMap":{"0":{"name":"(anonymous_0)","decl":{"start":{"line":4,"column":14},"end":{"line":4,"column":15}},"loc":{"start":{"line":4,"column":30},"end":{"line":29,"column":1}},"line":4},"1":{"name":"(anonymous_1)","decl":{"start":{"line":30,"column":14},"end":{"line":30,"column":15}},"loc":{"start":{"line":30,"column":30},"end":{"line":41,"column":9}},"line":30},"2":{"name":"(anonymous_2)","decl":{"start":{"line":34,"column":47},"end":{"line":34,"column":48}},"loc":{"start":{"line":34,"column":58},"end":{"line":35,"column":68}},"line":34}},"branchMap":{"0":{"loc":{"start":{"line":7,"column":4},"end":{"line":8,"column":59}},"type":"if","locations":[{"start":{"line":7,"column":4},"end":{"line":8,"column":59}},{"start":{},"end":{}}],"line":7}},"s":{"0":1,"1":1,"2":1,"3":4,"4":4,"5":4,"6":1,"7":3,"8":3,"9":3,"10":3,"11":0,"12":1,"13":1,"14":1,"15":1,"16":1,"17":1,"18":1,"19":1,"20":0,"21":1},"f":{"0":4,"1":1,"2":1},"b":{"0":[1,3]},"_coverageSchema":"1a1c01bbd47fc00a2c39e90264f33305004495a9","hash":"db117d8caa615acf81ba3f28100ef46b6cb09b0b"}
,"E:\\Devansh\\UNICODE\\LP1\\ElexCart\\NodeLP\\Controllers\\Order.js": {"path":"E:\\Devansh\\UNICODE\\LP1\\ElexCart\\NodeLP\\Controllers\\Order.js","statementMap":{"0":{"start":{"line":1,"column":11},"end":{"line":1,"column":36}},"1":{"start":{"line":2,"column":14},"end":{"line":2,"column":42}},"2":{"start":{"line":3,"column":12},"end":{"line":3,"column":38}},"3":{"start":{"line":4,"column":17},"end":{"line":4,"column":38}},"4":{"start":{"line":5,"column":20},"end":{"line":11,"column":2}},"5":{"start":{"line":12,"column":18},"end":{"line":55,"column":1}},"6":{"start":{"line":13,"column":30},"end":{"line":13,"column":38}},"7":{"start":{"line":14,"column":4},"end":{"line":54,"column":5}},"8":{"start":{"line":15,"column":19},"end":{"line":15,"column":27}},"9":{"start":{"line":16,"column":19},"end":{"line":16,"column":70}},"10":{"start":{"line":17,"column":8},"end":{"line":18,"column":68}},"11":{"start":{"line":18,"column":8},"end":{"line":18,"column":68}},"12":{"start":{"line":20,"column":19},"end":{"line":20,"column":57}},"13":{"start":{"line":21,"column":20},"end":{"line":36,"column":10}},"14":{"start":{"line":37,"column":8},"end":{"line":37,"column":40}},"15":{"start":{"line":38,"column":8},"end":{"line":38,"column":19}},"16":{"start":{"line":39,"column":20},"end":{"line":46,"column":11}},"17":{"start":{"line":47,"column":10},"end":{"line":50,"column":12}},"18":{"start":{"line":48,"column":12},"end":{"line":49,"column":48}},"19":{"start":{"line":49,"column":12},"end":{"line":49,"column":48}},"20":{"start":{"line":51,"column":8},"end":{"line":51,"column":37}},"21":{"start":{"line":53,"column":8},"end":{"line":53,"column":53}},"22":{"start":{"line":57,"column":16},"end":{"line":86,"column":1}},"23":{"start":{"line":58,"column":4},"end":{"line":85,"column":5}},"24":{"start":{"line":59,"column":19},"end":{"line":59,"column":20}},"25":{"start":{"line":59,"column":27},"end":{"line":59,"column":28}},"26":{"start":{"line":60,"column":19},"end":{"line":60,"column":27}},"27":{"start":{"line":61,"column":18},"end":{"line":61,"column":27}},"28":{"start":{"line":62,"column":8},"end":{"line":63,"column":62}},"29":{"start":{"line":63,"column":8},"end":{"line":63,"column":62}},"30":{"start":{"line":64,"column":8},"end":{"line":79,"column":9}},"31":{"start":{"line":65,"column":18},"end":{"line":65,"column":33}},"32":{"start":{"line":66,"column":12},"end":{"line":66,"column":61}},"33":{"start":{"line":67,"column":12},"end":{"line":68,"column":59}},"34":{"start":{"line":68,"column":12},"end":{"line":68,"column":59}},"35":{"start":{"line":69,"column":12},"end":{"line":69,"column":37}},"36":{"start":{"line":70,"column":12},"end":{"line":70,"column":23}},"37":{"start":{"line":71,"column":12},"end":{"line":71,"column":40}},"38":{"start":{"line":72,"column":28},"end":{"line":76,"column":9}},"39":{"start":{"line":77,"column":8},"end":{"line":77,"column":32}},"40":{"start":{"line":78,"column":8},"end":{"line":78,"column":11}},"41":{"start":{"line":80,"column":8},"end":{"line":80,"column":20}},"42":{"start":{"line":81,"column":8},"end":{"line":81,"column":25}},"43":{"start":{"line":82,"column":8},"end":{"line":82,"column":66}},"44":{"start":{"line":84,"column":8},"end":{"line":84,"column":53}},"45":{"start":{"line":87,"column":0},"end":{"line":87,"column":38}}},"fnMap":{"0":{"name":"(anonymous_0)","decl":{"start":{"line":12,"column":18},"end":{"line":12,"column":19}},"loc":{"start":{"line":12,"column":34},"end":{"line":55,"column":1}},"line":12},"1":{"name":"(anonymous_1)","decl":{"start":{"line":47,"column":43},"end":{"line":47,"column":44}},"loc":{"start":{"line":47,"column":50},"end":{"line":50,"column":11}},"line":47},"2":{"name":"(anonymous_2)","decl":{"start":{"line":57,"column":16},"end":{"line":57,"column":17}},"loc":{"start":{"line":57,"column":32},"end":{"line":86,"column":1}},"line":57}},"branchMap":{"0":{"loc":{"start":{"line":17,"column":8},"end":{"line":18,"column":68}},"type":"if","locations":[{"start":{"line":17,"column":8},"end":{"line":18,"column":68}},{"start":{},"end":{}}],"line":17},"1":{"loc":{"start":{"line":48,"column":12},"end":{"line":49,"column":48}},"type":"if","locations":[{"start":{"line":48,"column":12},"end":{"line":49,"column":48}},{"start":{},"end":{}}],"line":48},"2":{"loc":{"start":{"line":62,"column":8},"end":{"line":63,"column":62}},"type":"if","locations":[{"start":{"line":62,"column":8},"end":{"line":63,"column":62}},{"start":{},"end":{}}],"line":62},"3":{"loc":{"start":{"line":67,"column":12},"end":{"line":68,"column":59}},"type":"if","locations":[{"start":{"line":67,"column":12},"end":{"line":68,"column":59}},{"start":{},"end":{}}],"line":67}},"s":{"0":1,"1":1,"2":1,"3":1,"4":1,"5":1,"6":2,"7":2,"8":2,"9":2,"10":2,"11":1,"12":1,"13":1,"14":1,"15":1,"16":1,"17":1,"18":0,"19":0,"20":1,"21":0,"22":1,"23":3,"24":3,"25":3,"26":3,"27":3,"28":3,"29":1,"30":2,"31":2,"32":2,"33":2,"34":1,"35":1,"36":1,"37":1,"38":1,"39":1,"40":1,"41":1,"42":1,"43":1,"44":0,"45":1},"f":{"0":2,"1":0,"2":3},"b":{"0":[1,1],"1":[0,0],"2":[1,2],"3":[1,1]},"_coverageSchema":"1a1c01bbd47fc00a2c39e90264f33305004495a9","hash":"fd5fdc4e0fe3903c40a177c9c64074f5c5fb22ef"}
,"E:\\Devansh\\UNICODE\\LP1\\ElexCart\\NodeLP\\Controllers\\Product.js": {"path":"E:\\Devansh\\UNICODE\\LP1\\ElexCart\\NodeLP\\Controllers\\Product.js","statementMap":{"0":{"start":{"line":1,"column":14},"end":{"line":1,"column":32}},"1":{"start":{"line":2,"column":10},"end":{"line":2,"column":33}},"2":{"start":{"line":3,"column":10},"end":{"line":3,"column":19}},"3":{"start":{"line":4,"column":14},"end":{"line":4,"column":42}},"4":{"start":{"line":5,"column":13},"end":{"line":5,"column":38}},"5":{"start":{"line":6,"column":13},"end":{"line":6,"column":30}},"6":{"start":{"line":7,"column":9},"end":{"line":7,"column":22}},"7":{"start":{"line":8,"column":11},"end":{"line":8,"column":36}},"8":{"start":{"line":9,"column":13},"end":{"line":9,"column":15}},"9":{"start":{"line":10,"column":0},"end":{"line":10,"column":23}},"10":{"start":{"line":12,"column":17},"end":{"line":26,"column":1}},"11":{"start":{"line":13,"column":94},"end":{"line":13,"column":102}},"12":{"start":{"line":14,"column":4},"end":{"line":15,"column":77}},"13":{"start":{"line":15,"column":4},"end":{"line":15,"column":77}},"14":{"start":{"line":16,"column":21},"end":{"line":16,"column":60}},"15":{"start":{"line":17,"column":4},"end":{"line":18,"column":62}},"16":{"start":{"line":18,"column":4},"end":{"line":18,"column":62}},"17":{"start":{"line":19,"column":15},"end":{"line":19,"column":36}},"18":{"start":{"line":20,"column":4},"end":{"line":25,"column":5}},"19":{"start":{"line":21,"column":8},"end":{"line":21,"column":25}},"20":{"start":{"line":22,"column":8},"end":{"line":22,"column":49}},"21":{"start":{"line":24,"column":8},"end":{"line":24,"column":53}},"22":{"start":{"line":27,"column":15},"end":{"line":34,"column":1}},"23":{"start":{"line":28,"column":4},"end":{"line":33,"column":5}},"24":{"start":{"line":29,"column":17},"end":{"line":29,"column":37}},"25":{"start":{"line":30,"column":8},"end":{"line":30,"column":34}},"26":{"start":{"line":32,"column":8},"end":{"line":32,"column":53}},"27":{"start":{"line":36,"column":13},"end":{"line":43,"column":1}},"28":{"start":{"line":37,"column":4},"end":{"line":42,"column":5}},"29":{"start":{"line":38,"column":17},"end":{"line":38,"column":63}},"30":{"start":{"line":39,"column":8},"end":{"line":39,"column":34}},"31":{"start":{"line":41,"column":8},"end":{"line":41,"column":53}},"32":{"start":{"line":44,"column":15},"end":{"line":54,"column":1}},"33":{"start":{"line":45,"column":4},"end":{"line":53,"column":5}},"34":{"start":{"line":46,"column":17},"end":{"line":46,"column":54}},"35":{"start":{"line":47,"column":8},"end":{"line":50,"column":59}},"36":{"start":{"line":48,"column":8},"end":{"line":48,"column":34}},"37":{"start":{"line":50,"column":8},"end":{"line":50,"column":59}},"38":{"start":{"line":52,"column":8},"end":{"line":52,"column":53}},"39":{"start":{"line":55,"column":12},"end":{"line":62,"column":1}},"40":{"start":{"line":56,"column":4},"end":{"line":61,"column":5}},"41":{"start":{"line":57,"column":17},"end":{"line":57,"column":61}},"42":{"start":{"line":58,"column":8},"end":{"line":58,"column":34}},"43":{"start":{"line":60,"column":8},"end":{"line":60,"column":53}},"44":{"start":{"line":63,"column":15},"end":{"line":70,"column":1}},"45":{"start":{"line":64,"column":4},"end":{"line":69,"column":5}},"46":{"start":{"line":65,"column":17},"end":{"line":65,"column":67}},"47":{"start":{"line":66,"column":8},"end":{"line":66,"column":34}},"48":{"start":{"line":68,"column":8},"end":{"line":68,"column":53}},"49":{"start":{"line":71,"column":17},"end":{"line":78,"column":1}},"50":{"start":{"line":72,"column":4},"end":{"line":77,"column":5}},"51":{"start":{"line":73,"column":17},"end":{"line":73,"column":72}},"52":{"start":{"line":74,"column":8},"end":{"line":74,"column":49}},"53":{"start":{"line":76,"column":8},"end":{"line":76,"column":53}},"54":{"start":{"line":79,"column":17},"end":{"line":89,"column":1}},"55":{"start":{"line":80,"column":4},"end":{"line":88,"column":5}},"56":{"start":{"line":81,"column":19},"end":{"line":81,"column":65}},"57":{"start":{"line":82,"column":8},"end":{"line":85,"column":59}},"58":{"start":{"line":83,"column":8},"end":{"line":83,"column":36}},"59":{"start":{"line":85,"column":8},"end":{"line":85,"column":59}},"60":{"start":{"line":87,"column":8},"end":{"line":87,"column":53}},"61":{"start":{"line":90,"column":19},"end":{"line":100,"column":1}},"62":{"start":{"line":91,"column":4},"end":{"line":99,"column":7}},"63":{"start":{"line":92,"column":17},"end":{"line":92,"column":54}},"64":{"start":{"line":93,"column":8},"end":{"line":93,"column":30}},"65":{"start":{"line":94,"column":8},"end":{"line":94,"column":35}},"66":{"start":{"line":95,"column":8},"end":{"line":95,"column":30}},"67":{"start":{"line":96,"column":8},"end":{"line":96,"column":60}},"68":{"start":{"line":98,"column":8},"end":{"line":98,"column":46}},"69":{"start":{"line":101,"column":17},"end":{"line":110,"column":1}},"70":{"start":{"line":102,"column":4},"end":{"line":109,"column":5}},"71":{"start":{"line":103,"column":34},"end":{"line":103,"column":42}},"72":{"start":{"line":104,"column":8},"end":{"line":104,"column":55}},"73":{"start":{"line":105,"column":8},"end":{"line":105,"column":55}},"74":{"start":{"line":106,"column":8},"end":{"line":106,"column":43}},"75":{"start":{"line":108,"column":8},"end":{"line":108,"column":45}},"76":{"start":{"line":113,"column":0},"end":{"line":124,"column":1}}},"fnMap":{"0":{"name":"(anonymous_0)","decl":{"start":{"line":12,"column":17},"end":{"line":12,"column":18}},"loc":{"start":{"line":12,"column":33},"end":{"line":26,"column":1}},"line":12},"1":{"name":"(anonymous_1)","decl":{"start":{"line":27,"column":15},"end":{"line":27,"column":16}},"loc":{"start":{"line":27,"column":31},"end":{"line":34,"column":1}},"line":27},"2":{"name":"(anonymous_2)","decl":{"start":{"line":36,"column":13},"end":{"line":36,"column":14}},"loc":{"start":{"line":36,"column":29},"end":{"line":43,"column":1}},"line":36},"3":{"name":"(anonymous_3)","decl":{"start":{"line":44,"column":15},"end":{"line":44,"column":16}},"loc":{"start":{"line":44,"column":31},"end":{"line":54,"column":1}},"line":44},"4":{"name":"(anonymous_4)","decl":{"start":{"line":55,"column":12},"end":{"line":55,"column":13}},"loc":{"start":{"line":55,"column":28},"end":{"line":62,"column":1}},"line":55},"5":{"name":"(anonymous_5)","decl":{"start":{"line":63,"column":15},"end":{"line":63,"column":16}},"loc":{"start":{"line":63,"column":31},"end":{"line":70,"column":1}},"line":63},"6":{"name":"(anonymous_6)","decl":{"start":{"line":71,"column":17},"end":{"line":71,"column":18}},"loc":{"start":{"line":71,"column":33},"end":{"line":78,"column":1}},"line":71},"7":{"name":"(anonymous_7)","decl":{"start":{"line":79,"column":17},"end":{"line":79,"column":18}},"loc":{"start":{"line":79,"column":33},"end":{"line":89,"column":1}},"line":79},"8":{"name":"(anonymous_8)","decl":{"start":{"line":90,"column":19},"end":{"line":90,"column":20}},"loc":{"start":{"line":90,"column":35},"end":{"line":100,"column":1}},"line":90},"9":{"name":"(anonymous_9)","decl":{"start":{"line":101,"column":17},"end":{"line":101,"column":18}},"loc":{"start":{"line":101,"column":33},"end":{"line":110,"column":1}},"line":101}},"branchMap":{"0":{"loc":{"start":{"line":14,"column":4},"end":{"line":15,"column":77}},"type":"if","locations":[{"start":{"line":14,"column":4},"end":{"line":15,"column":77}},{"start":{},"end":{}}],"line":14},"1":{"loc":{"start":{"line":14,"column":7},"end":{"line":14,"column":118}},"type":"binary-expr","locations":[{"start":{"line":14,"column":7},"end":{"line":14,"column":14}},{"start":{"line":14,"column":18},"end":{"line":14,"column":27}},{"start":{"line":14,"column":31},"end":{"line":14,"column":37}},{"start":{"line":14,"column":41},"end":{"line":14,"column":47}},{"start":{"line":14,"column":50},"end":{"line":14,"column":56}},{"start":{"line":14,"column":60},"end":{"line":14,"column":69}},{"start":{"line":14,"column":72},"end":{"line":14,"column":78}},{"start":{"line":14,"column":82},"end":{"line":14,"column":89}},{"start":{"line":14,"column":93},"end":{"line":14,"column":105}},{"start":{"line":14,"column":109},"end":{"line":14,"column":118}}],"line":14},"2":{"loc":{"start":{"line":17,"column":4},"end":{"line":18,"column":62}},"type":"if","locations":[{"start":{"line":17,"column":4},"end":{"line":18,"column":62}},{"start":{},"end":{}}],"line":17},"3":{"loc":{"start":{"line":47,"column":8},"end":{"line":50,"column":59}},"type":"if","locations":[{"start":{"line":47,"column":8},"end":{"line":50,"column":59}},{"start":{"line":50,"column":8},"end":{"line":50,"column":59}}],"line":47},"4":{"loc":{"start":{"line":82,"column":8},"end":{"line":85,"column":59}},"type":"if","locations":[{"start":{"line":82,"column":8},"end":{"line":85,"column":59}},{"start":{"line":85,"column":8},"end":{"line":85,"column":59}}],"line":82}},"s":{"0":1,"1":1,"2":1,"3":1,"4":1,"5":1,"6":1,"7":1,"8":1,"9":1,"10":1,"11":4,"12":4,"13":2,"14":2,"15":2,"16":1,"17":1,"18":1,"19":1,"20":1,"21":0,"22":1,"23":1,"24":1,"25":1,"26":0,"27":1,"28":1,"29":1,"30":1,"31":0,"32":1,"33":2,"34":2,"35":1,"36":1,"37":0,"38":1,"39":1,"40":1,"41":1,"42":1,"43":0,"44":1,"45":1,"46":1,"47":1,"48":0,"49":1,"50":1,"51":1,"52":1,"53":0,"54":1,"55":1,"56":1,"57":1,"58":1,"59":0,"60":0,"61":1,"62":1,"63":1,"64":1,"65":1,"66":1,"67":1,"68":0,"69":1,"70":1,"71":1,"72":1,"73":1,"74":1,"75":0,"76":1},"f":{"0":4,"1":1,"2":1,"3":2,"4":1,"5":1,"6":1,"7":1,"8":1,"9":1},"b":{"0":[2,2],"1":[4,4,4,4,4,4,4,4,4,4],"2":[1,1],"3":[1,0],"4":[1,0]},"_coverageSchema":"1a1c01bbd47fc00a2c39e90264f33305004495a9","hash":"d8c0b681a1bd4106292b3b2cb834013cad712336"}
,"E:\\Devansh\\UNICODE\\LP1\\ElexCart\\NodeLP\\Controllers\\User.js": {"path":"E:\\Devansh\\UNICODE\\LP1\\ElexCart\\NodeLP\\Controllers\\User.js","statementMap":{"0":{"start":{"line":1,"column":14},"end":{"line":1,"column":32}},"1":{"start":{"line":2,"column":13},"end":{"line":2,"column":30}},"2":{"start":{"line":3,"column":10},"end":{"line":3,"column":33}},"3":{"start":{"line":4,"column":13},"end":{"line":4,"column":30}},"4":{"start":{"line":5,"column":0},"end":{"line":5,"column":15}},"5":{"start":{"line":6,"column":10},"end":{"line":6,"column":19}},"6":{"start":{"line":7,"column":11},"end":{"line":7,"column":36}},"7":{"start":{"line":8,"column":17},"end":{"line":8,"column":38}},"8":{"start":{"line":9,"column":13},"end":{"line":9,"column":30}},"9":{"start":{"line":10,"column":16},"end":{"line":10,"column":54}},"10":{"start":{"line":11,"column":16},"end":{"line":11,"column":44}},"11":{"start":{"line":12,"column":11},"end":{"line":12,"column":36}},"12":{"start":{"line":13,"column":17},"end":{"line":13,"column":41}},"13":{"start":{"line":14,"column":0},"end":{"line":18,"column":2}},"14":{"start":{"line":19,"column":0},"end":{"line":19,"column":23}},"15":{"start":{"line":20,"column":14},"end":{"line":49,"column":1}},"16":{"start":{"line":21,"column":61},"end":{"line":21,"column":69}},"17":{"start":{"line":22,"column":4},"end":{"line":23,"column":77}},"18":{"start":{"line":23,"column":4},"end":{"line":23,"column":77}},"19":{"start":{"line":24,"column":15},"end":{"line":24,"column":33}},"20":{"start":{"line":25,"column":4},"end":{"line":48,"column":5}},"21":{"start":{"line":26,"column":8},"end":{"line":26,"column":25}},"22":{"start":{"line":27,"column":24},"end":{"line":33,"column":10}},"23":{"start":{"line":34,"column":24},"end":{"line":39,"column":9}},"24":{"start":{"line":40,"column":8},"end":{"line":44,"column":13}},"25":{"start":{"line":41,"column":12},"end":{"line":43,"column":13}},"26":{"start":{"line":42,"column":14},"end":{"line":42,"column":33}},"27":{"start":{"line":45,"column":8},"end":{"line":45,"column":49}},"28":{"start":{"line":47,"column":8},"end":{"line":47,"column":53}},"29":{"start":{"line":50,"column":16},"end":{"line":72,"column":1}},"30":{"start":{"line":51,"column":32},"end":{"line":51,"column":40}},"31":{"start":{"line":52,"column":4},"end":{"line":53,"column":66}},"32":{"start":{"line":53,"column":4},"end":{"line":53,"column":66}},"33":{"start":{"line":54,"column":4},"end":{"line":71,"column":5}},"34":{"start":{"line":55,"column":27},"end":{"line":55,"column":69}},"35":{"start":{"line":56,"column":12},"end":{"line":57,"column":65}},"36":{"start":{"line":57,"column":12},"end":{"line":57,"column":65}},"37":{"start":{"line":58,"column":32},"end":{"line":58,"column":89}},"38":{"start":{"line":59,"column":12},"end":{"line":67,"column":13}},"39":{"start":{"line":60,"column":12},"end":{"line":60,"column":63}},"40":{"start":{"line":63,"column":27},"end":{"line":63,"column":86}},"41":{"start":{"line":64,"column":15},"end":{"line":64,"column":62}},"42":{"start":{"line":65,"column":15},"end":{"line":65,"column":36}},"43":{"start":{"line":66,"column":16},"end":{"line":66,"column":67}},"44":{"start":{"line":70,"column":8},"end":{"line":70,"column":43}},"45":{"start":{"line":74,"column":12},"end":{"line":81,"column":1}},"46":{"start":{"line":75,"column":4},"end":{"line":80,"column":5}},"47":{"start":{"line":76,"column":17},"end":{"line":76,"column":34}},"48":{"start":{"line":77,"column":8},"end":{"line":77,"column":34}},"49":{"start":{"line":79,"column":8},"end":{"line":79,"column":53}},"50":{"start":{"line":82,"column":16},"end":{"line":89,"column":1}},"51":{"start":{"line":83,"column":3},"end":{"line":88,"column":4}},"52":{"start":{"line":84,"column":13},"end":{"line":84,"column":47}},"53":{"start":{"line":85,"column":4},"end":{"line":85,"column":30}},"54":{"start":{"line":87,"column":4},"end":{"line":87,"column":49}},"55":{"start":{"line":90,"column":14},"end":{"line":97,"column":1}},"56":{"start":{"line":91,"column":4},"end":{"line":96,"column":5}},"57":{"start":{"line":92,"column":17},"end":{"line":92,"column":49}},"58":{"start":{"line":93,"column":8},"end":{"line":93,"column":34}},"59":{"start":{"line":95,"column":8},"end":{"line":95,"column":53}},"60":{"start":{"line":98,"column":15},"end":{"line":108,"column":1}},"61":{"start":{"line":99,"column":4},"end":{"line":107,"column":5}},"62":{"start":{"line":100,"column":17},"end":{"line":100,"column":51}},"63":{"start":{"line":101,"column":8},"end":{"line":104,"column":56}},"64":{"start":{"line":102,"column":8},"end":{"line":102,"column":34}},"65":{"start":{"line":104,"column":8},"end":{"line":104,"column":56}},"66":{"start":{"line":106,"column":8},"end":{"line":106,"column":53}},"67":{"start":{"line":109,"column":17},"end":{"line":116,"column":1}},"68":{"start":{"line":110,"column":4},"end":{"line":115,"column":5}},"69":{"start":{"line":111,"column":20},"end":{"line":111,"column":72}},"70":{"start":{"line":112,"column":8},"end":{"line":112,"column":49}},"71":{"start":{"line":114,"column":8},"end":{"line":114,"column":53}},"72":{"start":{"line":117,"column":17},"end":{"line":127,"column":1}},"73":{"start":{"line":118,"column":4},"end":{"line":126,"column":5}},"74":{"start":{"line":119,"column":19},"end":{"line":119,"column":62}},"75":{"start":{"line":120,"column":8},"end":{"line":123,"column":56}},"76":{"start":{"line":121,"column":8},"end":{"line":121,"column":36}},"77":{"start":{"line":123,"column":8},"end":{"line":123,"column":56}},"78":{"start":{"line":125,"column":8},"end":{"line":125,"column":53}},"79":{"start":{"line":128,"column":13},"end":{"line":140,"column":1}},"80":{"start":{"line":129,"column":4},"end":{"line":139,"column":5}},"81":{"start":{"line":130,"column":19},"end":{"line":130,"column":27}},"82":{"start":{"line":131,"column":16},"end":{"line":131,"column":47}},"83":{"start":{"line":132,"column":8},"end":{"line":132,"column":35}},"84":{"start":{"line":133,"column":8},"end":{"line":135,"column":10}},"85":{"start":{"line":134,"column":12},"end":{"line":134,"column":36}},"86":{"start":{"line":136,"column":8},"end":{"line":136,"column":52}},"87":{"start":{"line":138,"column":8},"end":{"line":138,"column":56}},"88":{"start":{"line":141,"column":16},"end":{"line":157,"column":1}},"89":{"start":{"line":142,"column":4},"end":{"line":156,"column":5}},"90":{"start":{"line":143,"column":8},"end":{"line":153,"column":9}},"91":{"start":{"line":144,"column":24},"end":{"line":144,"column":35}},"92":{"start":{"line":145,"column":12},"end":{"line":152,"column":13}},"93":{"start":{"line":146,"column":16},"end":{"line":146,"column":62}},"94":{"start":{"line":149,"column":29},"end":{"line":149,"column":44}},"95":{"start":{"line":150,"column":16},"end":{"line":150,"column":70}},"96":{"start":{"line":151,"column":16},"end":{"line":151,"column":73}},"97":{"start":{"line":155,"column":8},"end":{"line":155,"column":45}},"98":{"start":{"line":159,"column":17},"end":{"line":168,"column":1}},"99":{"start":{"line":161,"column":18},"end":{"line":161,"column":65}},"100":{"start":{"line":162,"column":4},"end":{"line":167,"column":5}},"101":{"start":{"line":163,"column":8},"end":{"line":163,"column":70}},"102":{"start":{"line":164,"column":8},"end":{"line":164,"column":26}},"103":{"start":{"line":166,"column":8},"end":{"line":166,"column":45}},"104":{"start":{"line":169,"column":17},"end":{"line":176,"column":1}},"105":{"start":{"line":170,"column":4},"end":{"line":175,"column":5}},"106":{"start":{"line":171,"column":23},"end":{"line":171,"column":71}},"107":{"start":{"line":172,"column":8},"end":{"line":172,"column":38}},"108":{"start":{"line":174,"column":8},"end":{"line":174,"column":45}},"109":{"start":{"line":177,"column":0},"end":{"line":190,"column":1}}},"fnMap":{"0":{"name":"(anonymous_0)","decl":{"start":{"line":20,"column":14},"end":{"line":20,"column":15}},"loc":{"start":{"line":20,"column":30},"end":{"line":49,"column":1}},"line":20},"1":{"name":"(anonymous_1)","decl":{"start":{"line":40,"column":42},"end":{"line":40,"column":43}},"loc":{"start":{"line":40,"column":63},"end":{"line":44,"column":11}},"line":40},"2":{"name":"(anonymous_2)","decl":{"start":{"line":50,"column":16},"end":{"line":50,"column":17}},"loc":{"start":{"line":50,"column":32},"end":{"line":72,"column":1}},"line":50},"3":{"name":"(anonymous_3)","decl":{"start":{"line":74,"column":12},"end":{"line":74,"column":13}},"loc":{"start":{"line":74,"column":28},"end":{"line":81,"column":1}},"line":74},"4":{"name":"(anonymous_4)","decl":{"start":{"line":82,"column":16},"end":{"line":82,"column":17}},"loc":{"start":{"line":82,"column":32},"end":{"line":89,"column":1}},"line":82},"5":{"name":"(anonymous_5)","decl":{"start":{"line":90,"column":14},"end":{"line":90,"column":15}},"loc":{"start":{"line":90,"column":30},"end":{"line":97,"column":1}},"line":90},"6":{"name":"(anonymous_6)","decl":{"start":{"line":98,"column":15},"end":{"line":98,"column":16}},"loc":{"start":{"line":98,"column":31},"end":{"line":108,"column":1}},"line":98},"7":{"name":"(anonymous_7)","decl":{"start":{"line":109,"column":17},"end":{"line":109,"column":18}},"loc":{"start":{"line":109,"column":33},"end":{"line":116,"column":1}},"line":109},"8":{"name":"(anonymous_8)","decl":{"start":{"line":117,"column":17},"end":{"line":117,"column":18}},"loc":{"start":{"line":117,"column":33},"end":{"line":127,"column":1}},"line":117},"9":{"name":"(anonymous_9)","decl":{"start":{"line":128,"column":13},"end":{"line":128,"column":14}},"loc":{"start":{"line":128,"column":29},"end":{"line":140,"column":1}},"line":128},"10":{"name":"(anonymous_10)","decl":{"start":{"line":133,"column":39},"end":{"line":133,"column":40}},"loc":{"start":{"line":133,"column":48},"end":{"line":135,"column":9}},"line":133},"11":{"name":"(anonymous_11)","decl":{"start":{"line":141,"column":16},"end":{"line":141,"column":17}},"loc":{"start":{"line":141,"column":32},"end":{"line":157,"column":1}},"line":141},"12":{"name":"(anonymous_12)","decl":{"start":{"line":159,"column":17},"end":{"line":159,"column":18}},"loc":{"start":{"line":159,"column":33},"end":{"line":168,"column":1}},"line":159},"13":{"name":"(anonymous_13)","decl":{"start":{"line":169,"column":17},"end":{"line":169,"column":18}},"loc":{"start":{"line":169,"column":33},"end":{"line":176,"column":1}},"line":169}},"branchMap":{"0":{"loc":{"start":{"line":22,"column":4},"end":{"line":23,"column":77}},"type":"if","locations":[{"start":{"line":22,"column":4},"end":{"line":23,"column":77}},{"start":{},"end":{}}],"line":22},"1":{"loc":{"start":{"line":22,"column":7},"end":{"line":22,"column":71}},"type":"binary-expr","locations":[{"start":{"line":22,"column":7},"end":{"line":22,"column":16}},{"start":{"line":22,"column":20},"end":{"line":22,"column":29}},{"start":{"line":22,"column":33},"end":{"line":22,"column":39}},{"start":{"line":22,"column":43},"end":{"line":22,"column":51}},{"start":{"line":22,"column":55},"end":{"line":22,"column":62}},{"start":{"line":22,"column":66},"end":{"line":22,"column":71}}],"line":22},"2":{"loc":{"start":{"line":41,"column":12},"end":{"line":43,"column":13}},"type":"if","locations":[{"start":{"line":41,"column":12},"end":{"line":43,"column":13}},{"start":{},"end":{}}],"line":41},"3":{"loc":{"start":{"line":52,"column":4},"end":{"line":53,"column":66}},"type":"if","locations":[{"start":{"line":52,"column":4},"end":{"line":53,"column":66}},{"start":{},"end":{}}],"line":52},"4":{"loc":{"start":{"line":52,"column":7},"end":{"line":52,"column":35}},"type":"binary-expr","locations":[{"start":{"line":52,"column":7},"end":{"line":52,"column":13}},{"start":{"line":52,"column":17},"end":{"line":52,"column":26}},{"start":{"line":52,"column":30},"end":{"line":52,"column":35}}],"line":52},"5":{"loc":{"start":{"line":56,"column":12},"end":{"line":57,"column":65}},"type":"if","locations":[{"start":{"line":56,"column":12},"end":{"line":57,"column":65}},{"start":{},"end":{}}],"line":56},"6":{"loc":{"start":{"line":59,"column":12},"end":{"line":67,"column":13}},"type":"if","locations":[{"start":{"line":59,"column":12},"end":{"line":67,"column":13}},{"start":{"line":62,"column":12},"end":{"line":67,"column":13}}],"line":59},"7":{"loc":{"start":{"line":59,"column":15},"end":{"line":59,"column":74}},"type":"binary-expr","locations":[{"start":{"line":59,"column":15},"end":{"line":59,"column":24}},{"start":{"line":59,"column":28},"end":{"line":59,"column":42}},{"start":{"line":59,"column":46},"end":{"line":59,"column":74}}],"line":59},"8":{"loc":{"start":{"line":101,"column":8},"end":{"line":104,"column":56}},"type":"if","locations":[{"start":{"line":101,"column":8},"end":{"line":104,"column":56}},{"start":{"line":104,"column":8},"end":{"line":104,"column":56}}],"line":101},"9":{"loc":{"start":{"line":120,"column":8},"end":{"line":123,"column":56}},"type":"if","locations":[{"start":{"line":120,"column":8},"end":{"line":123,"column":56}},{"start":{"line":123,"column":8},"end":{"line":123,"column":56}}],"line":120},"10":{"loc":{"start":{"line":143,"column":8},"end":{"line":153,"column":9}},"type":"if","locations":[{"start":{"line":143,"column":8},"end":{"line":153,"column":9}},{"start":{},"end":{}}],"line":143},"11":{"loc":{"start":{"line":145,"column":12},"end":{"line":152,"column":13}},"type":"if","locations":[{"start":{"line":145,"column":12},"end":{"line":152,"column":13}},{"start":{"line":148,"column":16},"end":{"line":152,"column":13}}],"line":145}},"s":{"0":1,"1":1,"2":1,"3":1,"4":1,"5":1,"6":1,"7":1,"8":1,"9":1,"10":1,"11":1,"12":1,"13":1,"14":1,"15":1,"16":3,"17":3,"18":1,"19":2,"20":2,"21":2,"22":1,"23":1,"24":1,"25":1,"26":0,"27":1,"28":1,"29":1,"30":5,"31":5,"32":1,"33":4,"34":4,"35":4,"36":1,"37":3,"38":3,"39":2,"40":1,"41":1,"42":1,"43":1,"44":0,"45":1,"46":1,"47":1,"48":1,"49":0,"50":1,"51":1,"52":1,"53":1,"54":0,"55":1,"56":1,"57":1,"58":1,"59":0,"60":1,"61":1,"62":1,"63":1,"64":1,"65":0,"66":0,"67":1,"68":1,"69":1,"70":1,"71":0,"72":1,"73":1,"74":1,"75":1,"76":1,"77":0,"78":0,"79":1,"80":1,"81":1,"82":1,"83":1,"84":1,"85":1,"86":1,"87":0,"88":1,"89":1,"90":1,"91":1,"92":1,"93":0,"94":1,"95":1,"96":1,"97":0,"98":1,"99":1,"100":1,"101":1,"102":1,"103":0,"104":1,"105":1,"106":1,"107":1,"108":0,"109":1},"f":{"0":3,"1":1,"2":5,"3":1,"4":1,"5":1,"6":1,"7":1,"8":1,"9":1,"10":1,"11":1,"12":1,"13":1},"b":{"0":[1,2],"1":[3,3,3,3,3,2],"2":[0,1],"3":[1,4],"4":[5,5,5],"5":[1,3],"6":[2,1],"7":[3,3,2],"8":[1,0],"9":[1,0],"10":[1,0],"11":[0,1]},"_coverageSchema":"1a1c01bbd47fc00a2c39e90264f33305004495a9","hash":"95e529c96f54208fbfe2b616dfd468ee5c2a596c"}
,"E:\\Devansh\\UNICODE\\LP1\\ElexCart\\NodeLP\\Middleware\\auth.js": {"path":"E:\\Devansh\\UNICODE\\LP1\\ElexCart\\NodeLP\\Middleware\\auth.js","statementMap":{"0":{"start":{"line":1,"column":12},"end":{"line":1,"column":35}},"1":{"start":{"line":2,"column":16},"end":{"line":2,"column":44}},"2":{"start":{"line":3,"column":15},"end":{"line":3,"column":62}},"3":{"start":{"line":4,"column":13},"end":{"line":4,"column":38}},"4":{"start":{"line":5,"column":21},"end":{"line":83,"column":1}},"5":{"start":{"line":8,"column":4},"end":{"line":31,"column":1}},"6":{"start":{"line":9,"column":18},"end":{"line":9,"column":48}},"7":{"start":{"line":10,"column":8},"end":{"line":28,"column":5}},"8":{"start":{"line":11,"column":8},"end":{"line":11,"column":59}},"9":{"start":{"line":14,"column":8},"end":{"line":16,"column":9}},"10":{"start":{"line":15,"column":8},"end":{"line":15,"column":41}},"11":{"start":{"line":17,"column":8},"end":{"line":27,"column":9}},"12":{"start":{"line":19,"column":12},"end":{"line":26,"column":13}},"13":{"start":{"line":20,"column":27},"end":{"line":20,"column":83}},"14":{"start":{"line":21,"column":27},"end":{"line":21,"column":77}},"15":{"start":{"line":22,"column":16},"end":{"line":22,"column":29}},"16":{"start":{"line":23,"column":16},"end":{"line":23,"column":22}},"17":{"start":{"line":25,"column":16},"end":{"line":25,"column":68}},"18":{"start":{"line":30,"column":4},"end":{"line":30,"column":46}},"19":{"start":{"line":35,"column":4},"end":{"line":44,"column":5}},"20":{"start":{"line":36,"column":19},"end":{"line":36,"column":53}},"21":{"start":{"line":37,"column":8},"end":{"line":41,"column":59}},"22":{"start":{"line":38,"column":8},"end":{"line":38,"column":14}},"23":{"start":{"line":41,"column":8},"end":{"line":41,"column":59}},"24":{"start":{"line":43,"column":8},"end":{"line":43,"column":51}},"25":{"start":{"line":48,"column":4},"end":{"line":55,"column":5}},"26":{"start":{"line":49,"column":8},"end":{"line":52,"column":59}},"27":{"start":{"line":50,"column":8},"end":{"line":50,"column":14}},"28":{"start":{"line":52,"column":8},"end":{"line":52,"column":59}},"29":{"start":{"line":54,"column":7},"end":{"line":54,"column":50}},"30":{"start":{"line":60,"column":4},"end":{"line":68,"column":5}},"31":{"start":{"line":61,"column":8},"end":{"line":61,"column":54}},"32":{"start":{"line":62,"column":8},"end":{"line":65,"column":61}},"33":{"start":{"line":63,"column":8},"end":{"line":63,"column":14}},"34":{"start":{"line":65,"column":8},"end":{"line":65,"column":61}},"35":{"start":{"line":67,"column":8},"end":{"line":67,"column":51}},"36":{"start":{"line":73,"column":4},"end":{"line":80,"column":5}},"37":{"start":{"line":74,"column":8},"end":{"line":77,"column":59}},"38":{"start":{"line":75,"column":8},"end":{"line":75,"column":14}},"39":{"start":{"line":77,"column":8},"end":{"line":77,"column":59}},"40":{"start":{"line":79,"column":7},"end":{"line":79,"column":50}},"41":{"start":{"line":85,"column":0},"end":{"line":85,"column":29}}},"fnMap":{"0":{"name":"(anonymous_0)","decl":{"start":{"line":7,"column":16},"end":{"line":7,"column":17}},"loc":{"start":{"line":7,"column":37},"end":{"line":32,"column":1}},"line":7},"1":{"name":"(anonymous_1)","decl":{"start":{"line":34,"column":11},"end":{"line":34,"column":12}},"loc":{"start":{"line":34,"column":32},"end":{"line":45,"column":1}},"line":34},"2":{"name":"(anonymous_2)","decl":{"start":{"line":47,"column":7},"end":{"line":47,"column":8}},"loc":{"start":{"line":47,"column":28},"end":{"line":56,"column":1}},"line":47},"3":{"name":"(anonymous_3)","decl":{"start":{"line":59,"column":14},"end":{"line":59,"column":15}},"loc":{"start":{"line":59,"column":35},"end":{"line":69,"column":1}},"line":59},"4":{"name":"(anonymous_4)","decl":{"start":{"line":72,"column":6},"end":{"line":72,"column":7}},"loc":{"start":{"line":72,"column":27},"end":{"line":81,"column":1}},"line":72}},"branchMap":{"0":{"loc":{"start":{"line":10,"column":8},"end":{"line":28,"column":5}},"type":"if","locations":[{"start":{"line":10,"column":8},"end":{"line":28,"column":5}},{"start":{"line":13,"column":8},"end":{"line":28,"column":5}}],"line":10},"1":{"loc":{"start":{"line":14,"column":8},"end":{"line":16,"column":9}},"type":"if","locations":[{"start":{"line":14,"column":8},"end":{"line":16,"column":9}},{"start":{},"end":{}}],"line":14},"2":{"loc":{"start":{"line":17,"column":8},"end":{"line":27,"column":9}},"type":"if","locations":[{"start":{"line":17,"column":8},"end":{"line":27,"column":9}},{"start":{},"end":{}}],"line":17},"3":{"loc":{"start":{"line":37,"column":8},"end":{"line":41,"column":59}},"type":"if","locations":[{"start":{"line":37,"column":8},"end":{"line":41,"column":59}},{"start":{"line":41,"column":8},"end":{"line":41,"column":59}}],"line":37},"4":{"loc":{"start":{"line":49,"column":8},"end":{"line":52,"column":59}},"type":"if","locations":[{"start":{"line":49,"column":8},"end":{"line":52,"column":59}},{"start":{"line":52,"column":8},"end":{"line":52,"column":59}}],"line":49},"5":{"loc":{"start":{"line":62,"column":8},"end":{"line":65,"column":61}},"type":"if","locations":[{"start":{"line":62,"column":8},"end":{"line":65,"column":61}},{"start":{"line":65,"column":8},"end":{"line":65,"column":61}}],"line":62},"6":{"loc":{"start":{"line":74,"column":8},"end":{"line":77,"column":59}},"type":"if","locations":[{"start":{"line":74,"column":8},"end":{"line":77,"column":59}},{"start":{"line":77,"column":8},"end":{"line":77,"column":59}}],"line":74}},"s":{"0":1,"1":1,"2":1,"3":1,"4":1,"5":37,"6":37,"7":37,"8":1,"9":36,"10":35,"11":36,"12":36,"13":36,"14":34,"15":34,"16":34,"17":2,"18":0,"19":4,"20":4,"21":4,"22":3,"23":1,"24":0,"25":5,"26":5,"27":4,"28":1,"29":0,"30":4,"31":4,"32":4,"33":2,"34":1,"35":1,"36":4,"37":4,"38":3,"39":1,"40":0,"41":1},"f":{"0":37,"1":4,"2":5,"3":4,"4":4},"b":{"0":[1,36],"1":[35,1],"2":[36,0],"3":[3,1],"4":[4,1],"5":[2,1],"6":[3,1]},"_coverageSchema":"1a1c01bbd47fc00a2c39e90264f33305004495a9","hash":"3279f7e3107f7b9a649013e689dd270fd4c717d4"}
,"E:\\Devansh\\UNICODE\\LP1\\ElexCart\\NodeLP\\Models\\Order.js": {"path":"E:\\Devansh\\UNICODE\\LP1\\ElexCart\\NodeLP\\Models\\Order.js","statementMap":{"0":{"start":{"line":1,"column":15},"end":{"line":1,"column":34}},"1":{"start":{"line":2,"column":13},"end":{"line":2,"column":28}},"2":{"start":{"line":3,"column":18},"end":{"line":37,"column":2}},"3":{"start":{"line":39,"column":12},"end":{"line":39,"column":47}},"4":{"start":{"line":40,"column":0},"end":{"line":40,"column":20}}},"fnMap":{},"branchMap":{},"s":{"0":1,"1":1,"2":1,"3":1,"4":1},"f":{},"b":{},"_coverageSchema":"1a1c01bbd47fc00a2c39e90264f33305004495a9","hash":"9eb799376210e115a33a2d394d3d84e2047c61d9"}
,"E:\\Devansh\\UNICODE\\LP1\\ElexCart\\NodeLP\\Models\\Product.js": {"path":"E:\\Devansh\\UNICODE\\LP1\\ElexCart\\NodeLP\\Models\\Product.js","statementMap":{"0":{"start":{"line":1,"column":15},"end":{"line":1,"column":34}},"1":{"start":{"line":2,"column":16},"end":{"line":2,"column":36}},"2":{"start":{"line":3,"column":17},"end":{"line":52,"column":20}},"3":{"start":{"line":53,"column":14},"end":{"line":53,"column":50}},"4":{"start":{"line":54,"column":0},"end":{"line":54,"column":22}}},"fnMap":{},"branchMap":{},"s":{"0":1,"1":1,"2":1,"3":1,"4":1},"f":{},"b":{},"_coverageSchema":"1a1c01bbd47fc00a2c39e90264f33305004495a9","hash":"cdeb4043cbada414d4f162ac62895b38ed88e653"}
,"E:\\Devansh\\UNICODE\\LP1\\ElexCart\\NodeLP\\Models\\User.js": {"path":"E:\\Devansh\\UNICODE\\LP1\\ElexCart\\NodeLP\\Models\\User.js","statementMap":{"0":{"start":{"line":1,"column":15},"end":{"line":1,"column":34}},"1":{"start":{"line":2,"column":10},"end":{"line":2,"column":33}},"2":{"start":{"line":3,"column":16},"end":{"line":3,"column":36}},"3":{"start":{"line":4,"column":13},"end":{"line":4,"column":30}},"4":{"start":{"line":6,"column":17},"end":{"line":61,"column":20}},"5":{"start":{"line":22,"column":12},"end":{"line":24,"column":13}},"6":{"start":{"line":23,"column":16},"end":{"line":23,"column":51}},"7":{"start":{"line":63,"column":0},"end":{"line":66,"column":2}},"8":{"start":{"line":64,"column":4},"end":{"line":64,"column":39}},"9":{"start":{"line":65,"column":4},"end":{"line":65,"column":10}},"10":{"start":{"line":68,"column":0},"end":{"line":74,"column":2}},"11":{"start":{"line":69,"column":4},"end":{"line":72,"column":5}},"12":{"start":{"line":71,"column":8},"end":{"line":71,"column":56}},"13":{"start":{"line":73,"column":4},"end":{"line":73,"column":10}},"14":{"start":{"line":76,"column":11},"end":{"line":76,"column":44}},"15":{"start":{"line":77,"column":0},"end":{"line":77,"column":19}}},"fnMap":{"0":{"name":"(anonymous_0)","decl":{"start":{"line":21,"column":8},"end":{"line":21,"column":9}},"loc":{"start":{"line":21,"column":23},"end":{"line":25,"column":9}},"line":21},"1":{"name":"(anonymous_1)","decl":{"start":{"line":63,"column":23},"end":{"line":63,"column":24}},"loc":{"start":{"line":63,"column":41},"end":{"line":66,"column":1}},"line":63},"2":{"name":"(anonymous_2)","decl":{"start":{"line":68,"column":22},"end":{"line":68,"column":23}},"loc":{"start":{"line":68,"column":42},"end":{"line":74,"column":1}},"line":68}},"branchMap":{"0":{"loc":{"start":{"line":22,"column":12},"end":{"line":24,"column":13}},"type":"if","locations":[{"start":{"line":22,"column":12},"end":{"line":24,"column":13}},{"start":{},"end":{}}],"line":22},"1":{"loc":{"start":{"line":69,"column":4},"end":{"line":72,"column":5}},"type":"if","locations":[{"start":{"line":69,"column":4},"end":{"line":72,"column":5}},{"start":{},"end":{}}],"line":69}},"s":{"0":1,"1":1,"2":1,"3":1,"4":1,"5":13,"6":1,"7":1,"8":12,"9":12,"10":1,"11":12,"12":6,"13":12,"14":1,"15":1},"f":{"0":13,"1":12,"2":12},"b":{"0":[1,12],"1":[6,6]},"_coverageSchema":"1a1c01bbd47fc00a2c39e90264f33305004495a9","hash":"27c2e302191d8fe0eae945b95eb09724a23d90bb"}
,"E:\\Devansh\\UNICODE\\LP1\\ElexCart\\NodeLP\\Routes\\Product.js": {"path":"E:\\Devansh\\UNICODE\\LP1\\ElexCart\\NodeLP\\Routes\\Product.js","statementMap":{"0":{"start":{"line":1,"column":14},"end":{"line":1,"column":32}},"1":{"start":{"line":2,"column":13},"end":{"line":2,"column":33}},"2":{"start":{"line":3,"column":21},"end":{"line":3,"column":50}},"3":{"start":{"line":4,"column":13},"end":{"line":4,"column":30}},"4":{"start":{"line":5,"column":13},"end":{"line":5,"column":38}},"5":{"start":{"line":17,"column":2},"end":{"line":17,"column":35}},"6":{"start":{"line":18,"column":0},"end":{"line":18,"column":88}},"7":{"start":{"line":19,"column":0},"end":{"line":19,"column":61}},"8":{"start":{"line":20,"column":0},"end":{"line":20,"column":36}},"9":{"start":{"line":21,"column":0},"end":{"line":21,"column":27}},"10":{"start":{"line":22,"column":0},"end":{"line":22,"column":33}},"11":{"start":{"line":23,"column":0},"end":{"line":23,"column":42}},"12":{"start":{"line":24,"column":0},"end":{"line":24,"column":89}},"13":{"start":{"line":25,"column":0},"end":{"line":25,"column":90}},"14":{"start":{"line":26,"column":0},"end":{"line":26,"column":92}},"15":{"start":{"line":27,"column":0},"end":{"line":27,"column":63}},"16":{"start":{"line":31,"column":2},"end":{"line":31,"column":32}},"17":{"start":{"line":32,"column":0},"end":{"line":32,"column":60}},"18":{"start":{"line":33,"column":0},"end":{"line":33,"column":60}},"19":{"start":{"line":34,"column":30},"end":{"line":34,"column":61}},"20":{"start":{"line":35,"column":0},"end":{"line":35,"column":68}},"21":{"start":{"line":36,"column":0},"end":{"line":36,"column":62}},"22":{"start":{"line":38,"column":0},"end":{"line":38,"column":21}}},"fnMap":{},"branchMap":{},"s":{"0":1,"1":1,"2":1,"3":1,"4":1,"5":1,"6":1,"7":1,"8":1,"9":1,"10":1,"11":1,"12":1,"13":1,"14":1,"15":1,"16":1,"17":1,"18":1,"19":1,"20":1,"21":1,"22":1},"f":{},"b":{},"_coverageSchema":"1a1c01bbd47fc00a2c39e90264f33305004495a9","hash":"d2d59ecf90d7aab10d9f49f51edaa7f50a6d2feb"}
,"E:\\Devansh\\UNICODE\\LP1\\ElexCart\\NodeLP\\Routes\\User.js": {"path":"E:\\Devansh\\UNICODE\\LP1\\ElexCart\\NodeLP\\Routes\\User.js","statementMap":{"0":{"start":{"line":1,"column":14},"end":{"line":1,"column":32}},"1":{"start":{"line":2,"column":13},"end":{"line":2,"column":33}},"2":{"start":{"line":3,"column":21},"end":{"line":3,"column":50}},"3":{"start":{"line":4,"column":13},"end":{"line":4,"column":30}},"4":{"start":{"line":5,"column":13},"end":{"line":5,"column":38}},"5":{"start":{"line":19,"column":2},"end":{"line":19,"column":32}},"6":{"start":{"line":20,"column":0},"end":{"line":20,"column":31}},"7":{"start":{"line":21,"column":0},"end":{"line":21,"column":35}},"8":{"start":{"line":22,"column":0},"end":{"line":22,"column":76}},"9":{"start":{"line":23,"column":0},"end":{"line":23,"column":84}},"10":{"start":{"line":24,"column":0},"end":{"line":24,"column":80}},"11":{"start":{"line":25,"column":0},"end":{"line":25,"column":82}},"12":{"start":{"line":26,"column":0},"end":{"line":26,"column":86}},"13":{"start":{"line":27,"column":0},"end":{"line":27,"column":87}},"14":{"start":{"line":28,"column":0},"end":{"line":28,"column":58}},"15":{"start":{"line":29,"column":0},"end":{"line":29,"column":64}},"16":{"start":{"line":30,"column":0},"end":{"line":30,"column":88}},"17":{"start":{"line":31,"column":0},"end":{"line":31,"column":66}},"18":{"start":{"line":32,"column":0},"end":{"line":32,"column":21}}},"fnMap":{},"branchMap":{},"s":{"0":1,"1":1,"2":1,"3":1,"4":1,"5":1,"6":1,"7":1,"8":1,"9":1,"10":1,"11":1,"12":1,"13":1,"14":1,"15":1,"16":1,"17":1,"18":1},"f":{},"b":{},"_coverageSchema":"1a1c01bbd47fc00a2c39e90264f33305004495a9","hash":"84878104fb90d409a6a5c351b3ec8cbc8cf1acb2"}
}
