TN:
SF:app.js
FN:11,(anonymous_0)
FNF:1
FNH:0
FNDA:0,(anonymous_0)
DA:1,1
DA:2,1
DA:3,1
DA:4,1
DA:5,1
DA:6,1
DA:7,1
DA:8,1
DA:9,1
DA:10,1
DA:11,1
DA:12,0
DA:13,0
DA:17,1
DA:18,1
LF:15
LH:13
BRF:0
BRH:0
end_of_record
TN:
SF:dbConnect.js
FN:9,(anonymous_0)
FN:11,(anonymous_1)
FNF:2
FNH:1
FNDA:1,(anonymous_0)
FNDA:0,(anonymous_1)
DA:1,1
DA:2,1
DA:3,1
DA:4,1
DA:10,1
DA:11,0
LF:6
LH:5
BRF:0
BRH:0
end_of_record
TN:
SF:Controllers\Cart.js
FN:4,(anonymous_0)
FN:29,(anonymous_1)
FNF:2
FNH:1
FNDA:1,(anonymous_0)
FNDA:0,(anonymous_1)
DA:1,1
DA:2,1
DA:4,1
DA:5,1
DA:6,1
DA:7,1
DA:9,1
DA:10,0
DA:11,1
DA:12,1
DA:23,1
DA:24,1
DA:26,0
DA:29,1
DA:30,0
DA:31,0
DA:32,0
DA:33,0
DA:34,0
DA:36,0
DA:37,0
DA:39,0
DA:45,0
DA:48,0
DA:56,0
DA:61,1
LF:26
LH:13
BRDA:9,0,0,0
BRDA:9,0,1,1
BRDA:33,1,0,0
BRDA:33,1,1,0
BRDA:37,2,0,0
BRDA:37,2,1,0
BRF:6
BRH:1
end_of_record
TN:
SF:Controllers\Order.js
FN:5,(anonymous_0)
FN:34,(anonymous_1)
FNF:2
FNH:1
FNDA:1,(anonymous_0)
FNDA:0,(anonymous_1)
DA:1,1
DA:2,1
DA:3,1
DA:4,1
DA:5,1
DA:6,1
DA:7,1
DA:8,1
DA:9,1
DA:10,1
DA:18,1
DA:25,1
DA:34,1
DA:35,0
DA:36,0
DA:41,1
DA:43,0
DA:46,1
LF:18
LH:15
BRDA:35,0,0,0
BRDA:35,0,1,0
BRF:2
BRH:0
end_of_record
TN:
SF:Controllers\Product.js
FN:12,(anonymous_0)
FN:27,(anonymous_1)
FN:36,(anonymous_2)
FN:44,(anonymous_3)
FN:55,(anonymous_4)
FN:63,(anonymous_5)
FN:71,(anonymous_6)
FN:79,(anonymous_7)
FN:90,(anonymous_8)
FN:103,(anonymous_9)
FN:106,(anonymous_10)
FN:112,(anonymous_11)
FNF:12
FNH:10
FNDA:1,(anonymous_0)
FNDA:1,(anonymous_1)
FNDA:1,(anonymous_2)
FNDA:1,(anonymous_3)
FNDA:1,(anonymous_4)
FNDA:1,(anonymous_5)
FNDA:1,(anonymous_6)
FNDA:1,(anonymous_7)
FNDA:1,(anonymous_8)
FNDA:0,(anonymous_9)
FNDA:0,(anonymous_10)
FNDA:1,(anonymous_11)
DA:1,1
DA:2,1
DA:3,1
DA:4,1
DA:5,1
DA:6,1
DA:7,1
DA:8,1
DA:9,1
DA:10,1
DA:12,1
DA:13,1
DA:14,1
DA:15,0
DA:16,1
DA:17,1
DA:18,0
DA:19,1
DA:20,1
DA:21,1
DA:22,1
DA:24,0
DA:27,1
DA:28,1
DA:29,1
DA:30,1
DA:32,0
DA:36,1
DA:37,1
DA:38,1
DA:39,1
DA:41,0
DA:44,1
DA:45,1
DA:46,1
DA:47,1
DA:48,1
DA:50,0
DA:52,0
DA:55,1
DA:56,1
DA:57,1
DA:58,1
DA:60,0
DA:63,1
DA:64,1
DA:65,1
DA:66,1
DA:68,0
DA:71,1
DA:72,1
DA:73,1
DA:74,1
DA:76,0
DA:79,1
DA:80,1
DA:81,1
DA:82,1
DA:83,1
DA:85,0
DA:87,0
DA:90,1
DA:91,1
DA:92,1
DA:93,1
DA:94,1
DA:96,1
DA:97,1
DA:99,0
DA:102,1
DA:104,0
DA:107,0
DA:110,1
DA:112,1
DA:113,1
DA:114,1
DA:115,1
DA:116,1
DA:117,1
DA:119,0
DA:124,1
LF:81
LH:65
BRDA:14,0,0,0
BRDA:14,0,1,1
BRDA:14,1,0,1
BRDA:14,1,1,1
BRDA:14,1,2,1
BRDA:14,1,3,1
BRDA:14,1,4,1
BRDA:14,1,5,1
BRDA:14,1,6,1
BRDA:14,1,7,1
BRDA:14,1,8,1
BRDA:14,1,9,1
BRDA:17,2,0,0
BRDA:17,2,1,1
BRDA:47,3,0,1
BRDA:47,3,1,0
BRDA:82,4,0,1
BRDA:82,4,1,0
BRF:18
BRH:14
end_of_record
TN:
SF:Controllers\User.js
FN:20,(anonymous_0)
FN:40,(anonymous_1)
FN:52,(anonymous_2)
FN:68,(anonymous_3)
FN:86,(anonymous_4)
FN:94,(anonymous_5)
FN:102,(anonymous_6)
FN:110,(anonymous_7)
FN:121,(anonymous_8)
FN:129,(anonymous_9)
FN:140,(anonymous_10)
FN:158,(anonymous_11)
FN:170,(anonymous_12)
FN:173,(anonymous_13)
FN:179,(anonymous_14)
FNF:15
FNH:12
FNDA:1,(anonymous_0)
FNDA:1,(anonymous_1)
FNDA:1,(anonymous_2)
FNDA:0,(anonymous_3)
FNDA:1,(anonymous_4)
FNDA:1,(anonymous_5)
FNDA:1,(anonymous_6)
FNDA:1,(anonymous_7)
FNDA:1,(anonymous_8)
FNDA:1,(anonymous_9)
FNDA:1,(anonymous_10)
FNDA:1,(anonymous_11)
FNDA:0,(anonymous_12)
FNDA:0,(anonymous_13)
FNDA:1,(anonymous_14)
DA:1,1
DA:2,1
DA:3,1
DA:4,1
DA:5,1
DA:6,1
DA:7,1
DA:8,1
DA:9,1
DA:10,1
DA:11,1
DA:12,1
DA:13,1
DA:14,1
DA:19,1
DA:20,1
DA:21,1
DA:22,1
DA:23,0
DA:24,1
DA:25,1
DA:26,1
DA:27,1
DA:34,1
DA:40,1
DA:41,1
DA:42,0
DA:47,1
DA:49,0
DA:52,1
DA:53,1
DA:54,1
DA:55,0
DA:56,1
DA:57,1
DA:58,1
DA:59,0
DA:60,1
DA:61,1
DA:62,0
DA:65,1
DA:66,1
DA:67,1
DA:68,0
DA:69,0
DA:70,0
DA:71,0
DA:75,1
DA:76,1
DA:77,1
DA:78,1
DA:82,0
DA:86,1
DA:87,1
DA:88,1
DA:89,1
DA:91,0
DA:94,1
DA:95,1
DA:96,1
DA:97,1
DA:99,0
DA:102,1
DA:103,1
DA:104,1
DA:105,1
DA:107,0
DA:110,1
DA:111,1
DA:112,1
DA:113,1
DA:114,1
DA:116,0
DA:118,0
DA:121,1
DA:122,1
DA:123,1
DA:124,1
DA:126,0
DA:129,1
DA:130,1
DA:131,1
DA:132,1
DA:133,1
DA:135,0
DA:137,0
DA:140,1
DA:141,1
DA:142,1
DA:143,1
DA:144,1
DA:145,0
DA:148,1
DA:149,1
DA:150,1
DA:154,0
DA:158,1
DA:160,1
DA:161,1
DA:162,1
DA:163,1
DA:165,0
DA:169,1
DA:171,0
DA:174,0
DA:177,1
DA:179,1
DA:180,1
DA:181,1
DA:182,1
DA:184,0
DA:187,1
LF:112
LH:87
BRDA:22,0,0,0
BRDA:22,0,1,1
BRDA:22,1,0,1
BRDA:22,1,1,1
BRDA:22,1,2,1
BRDA:22,1,3,1
BRDA:22,1,4,1
BRDA:22,1,5,1
BRDA:41,2,0,0
BRDA:41,2,1,1
BRDA:54,3,0,0
BRDA:54,3,1,1
BRDA:54,4,0,1
BRDA:54,4,1,1
BRDA:54,4,2,1
BRDA:58,5,0,0
BRDA:58,5,1,1
BRDA:61,6,0,0
BRDA:61,6,1,1
BRDA:61,7,0,1
BRDA:61,7,1,1
BRDA:61,7,2,1
BRDA:66,8,0,1
BRDA:66,8,1,1
BRDA:67,9,0,0
BRDA:67,9,1,1
BRDA:70,10,0,0
BRDA:70,10,1,0
BRDA:113,11,0,1
BRDA:113,11,1,0
BRDA:132,12,0,1
BRDA:132,12,1,0
BRDA:142,13,0,1
BRDA:142,13,1,0
BRDA:144,14,0,0
BRDA:144,14,1,1
BRF:36
BRH:24
end_of_record
TN:
SF:Middleware\auth.js
FN:7,(anonymous_0)
FN:38,(anonymous_1)
FN:51,(anonymous_2)
FN:63,(anonymous_3)
FN:76,(anonymous_4)
FNF:5
FNH:5
FNDA:17,(anonymous_0)
FNDA:3,(anonymous_1)
FNDA:1,(anonymous_2)
FNDA:2,(anonymous_3)
FNDA:3,(anonymous_4)
DA:1,1
DA:2,1
DA:3,1
DA:4,1
DA:5,1
DA:8,17
DA:9,17
DA:10,17
DA:11,0
DA:14,17
DA:15,17
DA:17,17
DA:19,17
DA:20,17
DA:21,17
DA:22,17
DA:23,0
DA:24,17
DA:25,17
DA:27,0
DA:31,0
DA:34,0
DA:39,3
DA:40,3
DA:41,3
DA:42,3
DA:45,0
DA:47,0
DA:52,1
DA:53,1
DA:54,1
DA:56,0
DA:58,0
DA:64,2
DA:65,2
DA:66,2
DA:67,2
DA:69,0
DA:71,0
DA:77,3
DA:78,3
DA:79,3
DA:81,0
DA:83,0
DA:89,1
LF:45
LH:32
BRDA:10,0,0,0
BRDA:10,0,1,17
BRDA:14,1,0,17
BRDA:14,1,1,0
BRDA:17,2,0,17
BRDA:17,2,1,0
BRDA:22,3,0,0
BRDA:22,3,1,17
BRDA:41,4,0,3
BRDA:41,4,1,0
BRDA:53,5,0,1
BRDA:53,5,1,0
BRDA:66,6,0,2
BRDA:66,6,1,0
BRDA:78,7,0,3
BRDA:78,7,1,0
BRF:16
BRH:8
end_of_record
TN:
SF:Models\Order.js
FNF:0
FNH:0
DA:1,1
DA:2,1
DA:22,1
DA:23,1
LF:4
LH:4
BRF:0
BRH:0
end_of_record
TN:
SF:Models\Product.js
FN:44,(anonymous_0)
FNF:1
FNH:1
FNDA:5,(anonymous_0)
DA:1,1
DA:2,1
DA:3,1
DA:45,5
DA:46,0
DA:58,1
DA:59,1
LF:7
LH:6
BRDA:45,0,0,0
BRDA:45,0,1,5
BRF:2
BRH:1
end_of_record
TN:
SF:Models\User.js
FN:21,(anonymous_0)
FN:57,(anonymous_1)
FN:62,(anonymous_2)
FNF:3
FNH:3
FNDA:7,(anonymous_0)
FNDA:7,(anonymous_1)
FNDA:7,(anonymous_2)
DA:1,1
DA:2,1
DA:3,1
DA:4,1
DA:6,1
DA:22,7
DA:23,0
DA:57,1
DA:58,7
DA:59,7
DA:62,1
DA:63,7
DA:65,5
DA:67,7
DA:70,1
DA:71,1
LF:16
LH:15
BRDA:22,0,0,0
BRDA:22,0,1,7
BRDA:63,1,0,5
BRDA:63,1,1,2
BRF:4
BRH:3
end_of_record
TN:
SF:Routes\Product.js
FNF:0
FNH:0
DA:1,1
DA:2,1
DA:3,1
DA:4,1
DA:5,1
DA:17,1
DA:18,1
DA:19,1
DA:20,1
DA:21,1
DA:22,1
DA:23,1
DA:24,1
DA:25,1
DA:26,1
DA:27,1
DA:31,1
DA:32,1
DA:33,1
DA:34,1
DA:35,1
DA:37,1
LF:22
LH:22
BRF:0
BRH:0
end_of_record
TN:
SF:Routes\User.js
FNF:0
FNH:0
DA:1,1
DA:2,1
DA:3,1
DA:4,1
DA:5,1
DA:18,1
DA:19,1
DA:20,1
DA:21,1
DA:22,1
DA:23,1
DA:24,1
DA:25,1
DA:26,1
DA:27,1
DA:28,1
DA:29,1
DA:30,1
LF:18
LH:18
BRF:0
BRH:0
end_of_record
